<?xml version="1.0" encoding="utf-8"?>
<CoverageSession xmlns:xsd="http://www.w3.org/2001/XMLSchema" xmlns:xsi="http://www.w3.org/2001/XMLSchema-instance">
  <Summary numSequencePoints="0" visitedSequencePoints="0" numBranchPoints="0" visitedBranchPoints="0" sequenceCoverage="0" branchCoverage="0" maxCyclomaticComplexity="0" minCyclomaticComplexity="0" visitedClasses="0" numClasses="0" visitedMethods="0" numMethods="0" />
  <Modules>
    <Module skippedDueTo="Filter" hash="58-56-34-A9-6C-4F-CF-85-82-82-86-1A-D3-4E-31-E8-66-61-26-EF">
      <ModulePath>C:\Program Files\dotnet\shared\Microsoft.NETCore.App\2.0.6\System.Private.CoreLib.dll</ModulePath>
      <ModuleTime>2018-02-12T14:08:18Z</ModuleTime>
      <ModuleName>System.Private.CoreLib</ModuleName>
      <Classes />
    </Module>
    <Module skippedDueTo="MissingPdb" hash="FC-E4-49-8C-F5-22-EF-9F-DB-BB-DB-06-AD-33-23-01-CE-D3-14-D7">
      <ModulePath>C:\Program Files\dotnet\sdk\2.1.103\dotnet.dll</ModulePath>
      <ModuleTime>2018-03-20T23:22:08Z</ModuleTime>
      <ModuleName>dotnet</ModuleName>
      <Classes />
    </Module>
    <Module skippedDueTo="Filter" hash="51-28-11-6C-8A-A5-B7-C1-5A-08-A7-9B-A1-70-42-E5-81-92-6A-CC">
      <ModulePath>C:\Program Files\dotnet\shared\Microsoft.NETCore.App\2.0.6\System.Runtime.dll</ModulePath>
      <ModuleTime>2018-02-12T14:08:16Z</ModuleTime>
      <ModuleName>System.Runtime</ModuleName>
      <Classes />
    </Module>
    <Module skippedDueTo="MissingPdb" hash="01-E9-BC-E1-1E-6C-6F-F8-8D-94-8C-F9-53-C4-5D-FC-D0-C6-02-CE">
      <ModulePath>C:\Program Files\dotnet\sdk\2.1.103\Microsoft.DotNet.Cli.Utils.dll</ModulePath>
      <ModuleTime>2018-03-20T23:16:48Z</ModuleTime>
      <ModuleName>Microsoft.DotNet.Cli.Utils</ModuleName>
      <Classes />
    </Module>
    <Module skippedDueTo="Filter" hash="36-CF-3D-8F-33-3D-0E-88-AE-58-32-68-A9-59-3F-F9-10-44-D8-4E">
      <ModulePath>C:\Program Files\dotnet\shared\Microsoft.NETCore.App\2.0.6\System.Runtime.Extensions.dll</ModulePath>
      <ModuleTime>2018-02-12T14:08:16Z</ModuleTime>
      <ModuleName>System.Runtime.Extensions</ModuleName>
      <Classes />
    </Module>
    <Module skippedDueTo="Filter" hash="83-1F-2B-55-93-E3-AF-2A-CA-E7-4A-06-94-92-8D-3F-24-22-32-9C">
      <ModulePath>C:\Program Files\dotnet\shared\Microsoft.NETCore.App\2.0.6\System.Runtime.Loader.dll</ModulePath>
      <ModuleTime>2018-02-12T14:08:16Z</ModuleTime>
      <ModuleName>System.Runtime.Loader</ModuleName>
      <Classes />
    </Module>
    <Module skippedDueTo="MissingPdb" hash="C5-8C-5E-E1-FD-9C-63-F7-15-7E-EF-EA-15-1E-0E-06-6B-01-47-57">
      <ModulePath>C:\Program Files\dotnet\sdk\2.1.103\Microsoft.DotNet.PlatformAbstractions.dll</ModulePath>
      <ModuleTime>2018-03-20T23:16:48Z</ModuleTime>
      <ModuleName>Microsoft.DotNet.PlatformAbstractions</ModuleName>
      <Classes />
    </Module>
    <Module skippedDueTo="Filter" hash="C5-2B-DD-C6-5B-96-07-F3-04-F0-EA-41-A0-C5-1D-30-9E-F1-A1-DA">
      <ModulePath>C:\Program Files\dotnet\shared\Microsoft.NETCore.App\2.0.6\System.Runtime.InteropServices.RuntimeInformation.dll</ModulePath>
      <ModuleTime>2018-02-12T14:08:16Z</ModuleTime>
      <ModuleName>System.Runtime.InteropServices.RuntimeInformation</ModuleName>
      <Classes />
    </Module>
    <Module skippedDueTo="Filter" hash="84-A5-B8-46-CD-04-96-4C-32-C3-DE-96-00-01-58-8F-15-55-48-8C">
      <ModulePath>C:\Program Files\dotnet\shared\Microsoft.NETCore.App\2.0.6\System.Reflection.dll</ModulePath>
      <ModuleTime>2018-02-12T14:08:16Z</ModuleTime>
      <ModuleName>System.Reflection</ModuleName>
      <Classes />
    </Module>
    <Module skippedDueTo="Filter" hash="DC-9E-FD-06-2F-6D-3A-1A-46-CF-7A-EF-EC-36-61-8E-4D-8A-49-3B">
      <ModulePath>C:\Program Files\dotnet\shared\Microsoft.NETCore.App\2.0.6\System.Reflection.Extensions.dll</ModulePath>
      <ModuleTime>2018-02-12T14:08:16Z</ModuleTime>
      <ModuleName>System.Reflection.Extensions</ModuleName>
      <Classes />
    </Module>
    <Module skippedDueTo="Filter" hash="74-77-FB-84-E3-C2-3C-CD-DE-DE-03-62-6F-FC-4E-9B-2B-38-27-33">
      <ModulePath>C:\Program Files\dotnet\shared\Microsoft.NETCore.App\2.0.6\System.Runtime.InteropServices.dll</ModulePath>
      <ModuleTime>2018-02-12T14:08:16Z</ModuleTime>
      <ModuleName>System.Runtime.InteropServices</ModuleName>
      <Classes />
    </Module>
    <Module skippedDueTo="Filter" hash="2D-D5-79-0F-63-C2-97-8D-11-D4-ED-6E-EF-4A-71-51-35-3B-78-B7">
      <ModulePath>C:\Program Files\dotnet\shared\Microsoft.NETCore.App\2.0.6\System.IO.FileSystem.dll</ModulePath>
      <ModuleTime>2018-02-12T14:08:14Z</ModuleTime>
      <ModuleName>System.IO.FileSystem</ModuleName>
      <Classes />
    </Module>
    <Module skippedDueTo="Filter" hash="7A-55-D0-BE-81-29-A1-73-C0-BC-64-08-30-2D-37-9C-D5-AB-6C-A3">
      <ModulePath>C:\Program Files\dotnet\sdk\2.1.103\runtimes\win\lib\netstandard1.3\System.Text.Encoding.CodePages.dll</ModulePath>
      <ModuleTime>2018-03-20T23:16:38Z</ModuleTime>
      <ModuleName>System.Text.Encoding.CodePages</ModuleName>
      <Classes />
    </Module>
    <Module skippedDueTo="Filter" hash="5B-FA-6D-3A-BF-CD-18-1B-F0-86-66-77-D2-D2-7F-72-AE-2E-2F-A0">
      <ModulePath>C:\Program Files\dotnet\shared\Microsoft.NETCore.App\2.0.6\System.Text.Encoding.dll</ModulePath>
      <ModuleTime>2018-02-12T14:08:18Z</ModuleTime>
      <ModuleName>System.Text.Encoding</ModuleName>
      <Classes />
    </Module>
    <Module skippedDueTo="Filter" hash="92-A0-A8-8E-51-E6-AC-FD-A9-8C-33-D5-9F-34-2A-C5-2D-11-65-A6">
      <ModulePath>C:\Program Files\dotnet\shared\Microsoft.NETCore.App\2.0.6\System.Collections.dll</ModulePath>
      <ModuleTime>2018-02-12T14:08:12Z</ModuleTime>
      <ModuleName>System.Collections</ModuleName>
      <Classes />
    </Module>
    <Module skippedDueTo="Filter" hash="87-6E-97-E2-F1-E2-3A-7C-C4-C2-49-4D-6D-50-8E-B2-E6-F9-9B-42">
      <ModulePath>C:\Program Files\dotnet\shared\Microsoft.NETCore.App\2.0.6\System.Threading.dll</ModulePath>
      <ModuleTime>2018-02-12T14:08:18Z</ModuleTime>
      <ModuleName>System.Threading</ModuleName>
      <Classes />
    </Module>
    <Module skippedDueTo="Filter" hash="94-46-3F-80-95-7F-8A-16-35-39-D5-37-54-AE-3B-0E-95-D2-24-FF">
      <ModulePath>C:\Program Files\dotnet\shared\Microsoft.NETCore.App\2.0.6\System.Collections.Concurrent.dll</ModulePath>
      <ModuleTime>2018-02-12T14:08:12Z</ModuleTime>
      <ModuleName>System.Collections.Concurrent</ModuleName>
      <Classes />
    </Module>
    <Module skippedDueTo="Filter" hash="2A-5E-9E-2C-38-87-BC-0E-56-4F-6E-D1-E2-29-43-D4-A8-9E-43-AA">
      <ModulePath>C:\Program Files\dotnet\shared\Microsoft.NETCore.App\2.0.6\System.Threading.Thread.dll</ModulePath>
      <ModuleTime>2018-02-12T14:08:18Z</ModuleTime>
      <ModuleName>System.Threading.Thread</ModuleName>
      <Classes />
    </Module>
    <Module skippedDueTo="MissingPdb" hash="70-68-9D-DD-A6-E3-AD-75-49-BC-B7-FF-6E-54-27-A8-27-CA-AB-81">
      <ModulePath>C:\Program Files\dotnet\sdk\2.1.103\Microsoft.DotNet.Configurer.dll</ModulePath>
      <ModuleTime>2018-03-20T23:16:48Z</ModuleTime>
      <ModuleName>Microsoft.DotNet.Configurer</ModuleName>
      <Classes />
    </Module>
    <Module skippedDueTo="Filter" hash="9B-B2-26-38-80-06-02-28-A4-DF-F9-92-31-58-77-EB-78-E4-2F-E5">
      <ModulePath>C:\Program Files\dotnet\shared\Microsoft.NETCore.App\2.0.6\System.Diagnostics.Process.dll</ModulePath>
      <ModuleTime>2018-02-12T14:08:14Z</ModuleTime>
      <ModuleName>System.Diagnostics.Process</ModuleName>
      <Classes />
    </Module>
    <Module skippedDueTo="Filter" hash="D5-0A-9E-A5-80-D5-8E-41-A4-1F-1D-14-8D-6C-94-41-07-EC-35-CE">
      <ModulePath>C:\Program Files\dotnet\shared\Microsoft.NETCore.App\2.0.6\System.Linq.dll</ModulePath>
      <ModuleTime>2018-02-12T14:08:14Z</ModuleTime>
      <ModuleName>System.Linq</ModuleName>
      <Classes />
    </Module>
    <Module skippedDueTo="MissingPdb" hash="89-B8-76-5A-2A-F4-F1-D1-32-7B-CE-95-FF-5A-15-B5-ED-DF-A3-1A">
      <ModulePath>C:\Program Files\dotnet\sdk\2.1.103\NuGet.Frameworks.dll</ModulePath>
      <ModuleTime>2018-03-20T23:19:16Z</ModuleTime>
      <ModuleName>NuGet.Frameworks</ModuleName>
      <Classes />
    </Module>
    <Module skippedDueTo="MissingPdb" hash="CB-FB-CD-69-EC-A6-B9-A2-15-B2-EF-EE-F7-E6-79-BC-08-CF-11-96">
      <ModulePath>C:\Program Files\dotnet\sdk\2.1.103\Microsoft.DotNet.Cli.CommandLine.dll</ModulePath>
      <ModuleTime>2018-03-20T23:16:48Z</ModuleTime>
      <ModuleName>Microsoft.DotNet.Cli.CommandLine</ModuleName>
      <Classes />
    </Module>
    <Module skippedDueTo="Filter" hash="39-CE-2D-79-52-EE-1C-FB-A4-40-2A-FC-71-B3-EE-EF-8A-A0-8F-E0">
      <ModulePath>C:\Program Files\dotnet\shared\Microsoft.NETCore.App\2.0.6\System.Console.dll</ModulePath>
      <ModuleTime>2018-02-12T14:08:14Z</ModuleTime>
      <ModuleName>System.Console</ModuleName>
      <Classes />
    </Module>
    <Module skippedDueTo="MissingPdb" hash="89-EE-58-F1-10-7D-5E-5A-A0-F6-E6-87-5C-42-67-B8-AB-68-86-EC">
      <ModulePath>C:\Program Files\dotnet\sdk\2.1.103\Microsoft.DotNet.InternalAbstractions.dll</ModulePath>
      <ModuleTime>2018-03-20T23:16:48Z</ModuleTime>
      <ModuleName>Microsoft.DotNet.InternalAbstractions</ModuleName>
      <Classes />
    </Module>
    <Module skippedDueTo="Filter" hash="71-2F-C5-77-38-5E-60-DE-BD-B8-89-28-83-AA-05-67-87-33-9F-F6">
      <ModulePath>C:\Program Files\dotnet\shared\Microsoft.NETCore.App\2.0.6\System.IO.FileSystem.Primitives.dll</ModulePath>
      <ModuleTime>2018-02-12T14:08:14Z</ModuleTime>
      <ModuleName>System.IO.FileSystem.Primitives</ModuleName>
      <Classes />
    </Module>
    <Module skippedDueTo="Filter" hash="29-A1-FC-7E-FE-A2-CA-DA-D8-48-6D-76-7D-07-99-3E-8F-47-12-E3">
      <ModulePath>C:\Program Files\dotnet\shared\Microsoft.NETCore.App\2.0.6\System.AppContext.dll</ModulePath>
      <ModuleTime>2018-02-12T14:08:12Z</ModuleTime>
      <ModuleName>System.AppContext</ModuleName>
      <Classes />
    </Module>
    <Module skippedDueTo="Filter" hash="92-0F-F6-8D-25-2E-E2-96-B4-90-BB-09-1C-92-83-87-02-67-80-3D">
      <ModulePath>C:\Program Files\dotnet\shared\Microsoft.NETCore.App\2.0.6\System.IO.dll</ModulePath>
      <ModuleTime>2018-02-12T14:08:14Z</ModuleTime>
      <ModuleName>System.IO</ModuleName>
      <Classes />
    </Module>
    <Module skippedDueTo="Filter" hash="4F-4C-40-E4-82-C3-85-1A-AF-56-BD-FA-7E-4F-92-20-D7-D4-29-BE">
      <ModulePath>C:\Program Files\dotnet\shared\Microsoft.NETCore.App\2.0.6\System.Text.Encoding.Extensions.dll</ModulePath>
      <ModuleTime>2018-02-12T14:08:18Z</ModuleTime>
      <ModuleName>System.Text.Encoding.Extensions</ModuleName>
      <Classes />
    </Module>
    <Module skippedDueTo="Filter" hash="0B-56-1C-AE-DD-6F-AC-1D-F3-BD-0F-31-55-94-8D-25-47-88-B0-78">
      <ModulePath>C:\Program Files\dotnet\shared\Microsoft.NETCore.App\2.0.6\System.Runtime.Handles.dll</ModulePath>
      <ModuleTime>2018-02-12T14:08:16Z</ModuleTime>
      <ModuleName>System.Runtime.Handles</ModuleName>
      <Classes />
    </Module>
    <Module skippedDueTo="MissingPdb" hash="DF-F1-44-E8-0C-75-33-31-16-A3-D4-52-19-7C-14-89-0E-F8-4C-CD">
      <ModulePath>C:\Program Files\dotnet\sdk\2.1.103\Microsoft.ApplicationInsights.dll</ModulePath>
      <ModuleTime>2018-03-20T23:16:48Z</ModuleTime>
      <ModuleName>Microsoft.ApplicationInsights</ModuleName>
      <Classes />
    </Module>
    <Module skippedDueTo="Filter" hash="C2-16-61-E5-D0-DF-DB-5A-BC-62-1C-A0-35-05-3C-B3-04-17-42-BE">
      <ModulePath>C:\Program Files\dotnet\shared\Microsoft.NETCore.App\2.0.6\System.Xml.XDocument.dll</ModulePath>
      <ModuleTime>2018-02-12T14:08:18Z</ModuleTime>
      <ModuleName>System.Xml.XDocument</ModuleName>
      <Classes />
    </Module>
    <Module skippedDueTo="Filter" hash="2D-8E-74-28-26-0D-5A-B2-BA-DE-85-28-C3-7D-20-2E-CE-7D-02-D8">
      <ModulePath>C:\Program Files\dotnet\shared\Microsoft.NETCore.App\2.0.6\System.Private.Xml.Linq.dll</ModulePath>
      <ModuleTime>2018-02-12T14:08:16Z</ModuleTime>
      <ModuleName>System.Private.Xml.Linq</ModuleName>
      <Classes />
    </Module>
    <Module skippedDueTo="Filter" hash="BF-20-DF-C8-19-CF-68-7B-1B-82-1A-CC-0F-8B-9F-C2-4F-B5-D9-26">
      <ModulePath>C:\Program Files\dotnet\shared\Microsoft.NETCore.App\2.0.6\System.Security.Cryptography.Algorithms.dll</ModulePath>
      <ModuleTime>2018-02-12T14:08:16Z</ModuleTime>
      <ModuleName>System.Security.Cryptography.Algorithms</ModuleName>
      <Classes />
    </Module>
    <Module skippedDueTo="Filter" hash="67-1E-EB-FF-01-79-16-56-E3-CB-CD-82-09-8F-7F-B9-7C-B0-DC-79">
      <ModulePath>C:\Program Files\dotnet\shared\Microsoft.NETCore.App\2.0.6\System.Security.Cryptography.Primitives.dll</ModulePath>
      <ModuleTime>2018-02-12T14:08:16Z</ModuleTime>
      <ModuleName>System.Security.Cryptography.Primitives</ModuleName>
      <Classes />
    </Module>
    <Module skippedDueTo="Filter" hash="02-EA-D2-09-92-36-74-EF-B9-B6-1F-D1-DE-8B-D0-EA-F4-30-8F-41">
      <ModulePath>C:\Program Files\dotnet\shared\Microsoft.NETCore.App\2.0.6\System.Private.Xml.dll</ModulePath>
      <ModuleTime>2018-02-12T14:08:16Z</ModuleTime>
      <ModuleName>System.Private.Xml</ModuleName>
      <Classes />
    </Module>
    <Module skippedDueTo="Filter" hash="F0-E4-84-A8-79-A1-1B-38-7C-57-A6-1F-CE-65-6F-D3-66-03-E9-8A">
      <ModulePath>C:\Program Files\dotnet\shared\Microsoft.NETCore.App\2.0.6\System.Text.RegularExpressions.dll</ModulePath>
      <ModuleTime>2018-02-12T14:08:18Z</ModuleTime>
      <ModuleName>System.Text.RegularExpressions</ModuleName>
      <Classes />
    </Module>
    <Module skippedDueTo="Filter" hash="EF-1A-73-51-0E-C1-5B-7E-B0-2C-1D-21-EC-1D-4E-7C-07-18-D4-9D">
      <ModulePath>C:\Program Files\dotnet\shared\Microsoft.NETCore.App\2.0.6\System.Xml.ReaderWriter.dll</ModulePath>
      <ModuleTime>2018-02-12T14:08:18Z</ModuleTime>
      <ModuleName>System.Xml.ReaderWriter</ModuleName>
      <Classes />
    </Module>
    <Module skippedDueTo="Filter" hash="FC-7B-CD-1A-6E-67-17-C3-65-5B-B9-2A-DB-4E-67-8F-CE-B4-2B-1B">
      <ModulePath>C:\Program Files\dotnet\shared\Microsoft.NETCore.App\2.0.6\System.Diagnostics.Tracing.dll</ModulePath>
      <ModuleTime>2018-02-12T14:08:14Z</ModuleTime>
      <ModuleName>System.Diagnostics.Tracing</ModuleName>
      <Classes />
    </Module>
    <Module skippedDueTo="Filter" hash="78-95-86-14-8B-F9-4E-44-F1-20-95-26-17-D0-FC-87-4C-7C-75-CD">
      <ModulePath>C:\Program Files\dotnet\shared\Microsoft.NETCore.App\2.0.6\System.Private.Uri.dll</ModulePath>
      <ModuleTime>2018-02-12T14:08:16Z</ModuleTime>
      <ModuleName>System.Private.Uri</ModuleName>
      <Classes />
    </Module>
    <Module skippedDueTo="Filter" hash="DF-5C-FF-96-00-17-A0-6B-D0-3A-36-45-BE-79-3C-DE-BA-AF-CA-19">
      <ModulePath>C:\Program Files\dotnet\shared\Microsoft.NETCore.App\2.0.6\System.Threading.Tasks.dll</ModulePath>
      <ModuleTime>2018-02-12T14:08:18Z</ModuleTime>
      <ModuleName>System.Threading.Tasks</ModuleName>
      <Classes />
    </Module>
    <Module skippedDueTo="Filter" hash="5C-5F-72-69-DB-A5-64-39-1F-D2-D4-E2-8C-C1-E8-68-5B-3A-7E-D1">
      <ModulePath>C:\Program Files\dotnet\shared\Microsoft.NETCore.App\2.0.6\System.Globalization.dll</ModulePath>
      <ModuleTime>2018-02-12T14:08:14Z</ModuleTime>
      <ModuleName>System.Globalization</ModuleName>
      <Classes />
    </Module>
    <Module skippedDueTo="Filter" hash="89-75-06-46-0C-9B-CD-2F-AA-E6-06-34-77-24-D5-14-0C-B4-74-2A">
      <ModulePath>C:\Program Files\dotnet\shared\Microsoft.NETCore.App\2.0.6\System.Resources.ResourceManager.dll</ModulePath>
      <ModuleTime>2018-02-12T14:08:16Z</ModuleTime>
      <ModuleName>System.Resources.ResourceManager</ModuleName>
      <Classes />
    </Module>
    <Module skippedDueTo="MissingPdb" hash="B3-CA-9A-F3-52-B9-B4-B9-6D-FC-6F-EE-95-AE-0C-35-0A-4E-8E-9F">
      <ModulePath>C:\Program Files\dotnet\sdk\2.1.103\de\dotnet.resources.dll</ModulePath>
      <ModuleTime>2018-03-20T23:22:08Z</ModuleTime>
      <ModuleName>dotnet.resources</ModuleName>
      <Classes />
    </Module>
    <Module skippedDueTo="Filter" hash="FC-DC-FD-78-0A-23-4B-CB-39-83-8A-DB-9D-82-B7-98-DB-80-3D-90">
      <ModulePath>C:\Program Files\dotnet\shared\Microsoft.NETCore.App\2.0.6\System.Diagnostics.Tools.dll</ModulePath>
      <ModuleTime>2018-02-12T14:08:14Z</ModuleTime>
      <ModuleName>System.Diagnostics.Tools</ModuleName>
      <Classes />
    </Module>
    <Module skippedDueTo="Filter" hash="81-34-59-BB-A4-35-D3-C2-91-73-A0-81-93-7A-04-92-17-51-BF-34">
      <ModulePath>C:\Program Files\dotnet\shared\Microsoft.NETCore.App\2.0.6\System.Diagnostics.Debug.dll</ModulePath>
      <ModuleTime>2018-02-12T14:08:14Z</ModuleTime>
      <ModuleName>System.Diagnostics.Debug</ModuleName>
      <Classes />
    </Module>
    <Module skippedDueTo="Filter" hash="B5-03-F5-58-64-0F-70-F2-A9-B8-B7-C6-3D-2D-8F-1F-9B-2B-AB-EC">
      <ModulePath>C:\Program Files\dotnet\shared\Microsoft.NETCore.App\2.0.6\System.IO.Compression.dll</ModulePath>
      <ModuleTime>2018-02-12T14:08:14Z</ModuleTime>
      <ModuleName>System.IO.Compression</ModuleName>
      <Classes />
    </Module>
    <Module skippedDueTo="Filter" hash="4D-FE-85-E6-50-1D-C2-A7-61-3B-05-B0-9C-3C-2F-6F-B7-CF-BB-3B">
      <ModulePath>C:\Program Files\dotnet\shared\Microsoft.NETCore.App\2.0.6\System.Buffers.dll</ModulePath>
      <ModuleTime>2018-02-12T14:08:12Z</ModuleTime>
      <ModuleName>System.Buffers</ModuleName>
      <Classes />
    </Module>
    <Module skippedDueTo="MissingPdb" hash="1B-41-45-9E-F5-6C-96-C5-EA-15-86-B2-52-2D-51-F2-9F-3B-9B-32">
      <ModulePath>C:\Program Files\dotnet\sdk\2.1.103\Microsoft.Build.Utilities.Core.dll</ModulePath>
      <ModuleTime>2018-03-20T23:16:48Z</ModuleTime>
      <ModuleName>Microsoft.Build.Utilities.Core</ModuleName>
      <Classes />
    </Module>
    <Module skippedDueTo="MissingPdb" hash="DC-FE-09-A9-41-62-B7-B2-38-0A-1A-6C-E2-E5-1F-9B-BA-F9-BD-70">
      <ModulePath>C:\Program Files\dotnet\sdk\2.1.103\Microsoft.Build.Framework.dll</ModulePath>
      <ModuleTime>2018-03-20T23:16:48Z</ModuleTime>
      <ModuleName>Microsoft.Build.Framework</ModuleName>
      <Classes />
    </Module>
    <Module skippedDueTo="Filter" hash="D0-00-94-2E-72-F5-B6-88-1C-D5-04-D9-6E-71-60-53-0A-AA-03-0F">
      <ModulePath>C:\Program Files\dotnet\shared\Microsoft.NETCore.App\2.0.6\System.Reflection.TypeExtensions.dll</ModulePath>
      <ModuleTime>2018-02-12T14:08:16Z</ModuleTime>
      <ModuleName>System.Reflection.TypeExtensions</ModuleName>
      <Classes />
    </Module>
    <Module skippedDueTo="Filter" hash="19-EA-D5-8B-E7-5B-F7-A7-5D-34-D7-0B-4C-9E-95-3E-45-F3-88-6A">
      <ModulePath>C:\Program Files\dotnet\shared\Microsoft.NETCore.App\2.0.6\System.ComponentModel.Primitives.dll</ModulePath>
      <ModuleTime>2018-02-12T14:08:12Z</ModuleTime>
      <ModuleName>System.ComponentModel.Primitives</ModuleName>
      <Classes />
    </Module>
    <Module skippedDueTo="MissingPdb" hash="B9-50-FE-1F-04-F7-7D-1F-43-BB-93-5D-31-E8-03-61-3C-2D-2E-62">
      <ModulePath>C:\Program Files\dotnet\shared\Microsoft.NETCore.App\2.0.6\Microsoft.Win32.Primitives.dll</ModulePath>
      <ModuleTime>2018-02-12T14:08:12Z</ModuleTime>
      <ModuleName>Microsoft.Win32.Primitives</ModuleName>
      <Classes />
    </Module>
    <Module skippedDueTo="Filter" hash="52-E5-54-D5-A8-A0-50-CB-D4-0D-B6-D8-5D-CD-7B-2B-06-95-BC-5A">
      <ModulePath>C:\Program Files\dotnet\shared\Microsoft.NETCore.App\2.0.6\System.Net.Http.dll</ModulePath>
      <ModuleTime>2018-02-12T14:08:14Z</ModuleTime>
      <ModuleName>System.Net.Http</ModuleName>
      <Classes />
    </Module>
    <Module skippedDueTo="Filter" hash="93-49-30-3B-88-81-25-95-00-BB-F5-C4-7F-19-08-BA-58-9F-F9-38">
      <ModulePath>C:\Program Files\dotnet\shared\Microsoft.NETCore.App\2.0.6\System.Net.Primitives.dll</ModulePath>
      <ModuleTime>2018-02-12T14:08:14Z</ModuleTime>
      <ModuleName>System.Net.Primitives</ModuleName>
      <Classes />
    </Module>
    <Module skippedDueTo="Filter" hash="48-7B-E9-E3-F3-5C-80-9F-E9-72-07-C8-5E-F7-A6-C8-48-67-6E-16">
      <ModulePath>C:\Program Files\dotnet\shared\Microsoft.NETCore.App\2.0.6\System.Diagnostics.DiagnosticSource.dll</ModulePath>
      <ModuleTime>2018-02-12T14:08:14Z</ModuleTime>
      <ModuleName>System.Diagnostics.DiagnosticSource</ModuleName>
      <Classes />
    </Module>
    <Module skippedDueTo="Filter" hash="3C-99-60-29-E6-99-15-0E-BB-6E-72-13-BA-CF-02-D7-90-4A-69-1E">
      <ModulePath>C:\Program Files\dotnet\shared\Microsoft.NETCore.App\2.0.6\System.Security.Cryptography.X509Certificates.dll</ModulePath>
      <ModuleTime>2018-02-12T14:08:16Z</ModuleTime>
      <ModuleName>System.Security.Cryptography.X509Certificates</ModuleName>
      <Classes />
    </Module>
    <Module skippedDueTo="Filter" hash="58-56-34-A9-6C-4F-CF-85-82-82-86-1A-D3-4E-31-E8-66-61-26-EF">
      <ModulePath>C:\Program Files\dotnet\shared\Microsoft.NETCore.App\2.0.6\System.Private.CoreLib.dll</ModulePath>
      <ModuleTime>2018-02-12T14:08:18Z</ModuleTime>
      <ModuleName>System.Private.CoreLib</ModuleName>
      <Classes />
    </Module>
    <Module skippedDueTo="Filter" hash="4E-25-12-36-8F-32-6E-98-57-06-C9-65-B7-76-85-61-93-FA-55-AE">
      <ModulePath>C:\Program Files\dotnet\shared\Microsoft.NETCore.App\2.0.6\System.Collections.NonGeneric.dll</ModulePath>
      <ModuleTime>2018-02-12T14:08:12Z</ModuleTime>
      <ModuleName>System.Collections.NonGeneric</ModuleName>
      <Classes />
    </Module>
    <Module skippedDueTo="MissingPdb" hash="6E-46-21-94-64-A2-62-29-12-C9-3C-3C-96-CB-00-93-ED-B9-96-6B">
      <ModulePath>C:\Program Files\dotnet\sdk\2.1.103\MSBuild.dll</ModulePath>
      <ModuleTime>2018-03-20T23:17:00Z</ModuleTime>
      <ModuleName>MSBuild</ModuleName>
      <Classes />
    </Module>
    <Module skippedDueTo="Filter" hash="51-28-11-6C-8A-A5-B7-C1-5A-08-A7-9B-A1-70-42-E5-81-92-6A-CC">
      <ModulePath>C:\Program Files\dotnet\shared\Microsoft.NETCore.App\2.0.6\System.Runtime.dll</ModulePath>
      <ModuleTime>2018-02-12T14:08:16Z</ModuleTime>
      <ModuleName>System.Runtime</ModuleName>
      <Classes />
    </Module>
    <Module skippedDueTo="Filter" hash="36-CF-3D-8F-33-3D-0E-88-AE-58-32-68-A9-59-3F-F9-10-44-D8-4E">
      <ModulePath>C:\Program Files\dotnet\shared\Microsoft.NETCore.App\2.0.6\System.Runtime.Extensions.dll</ModulePath>
      <ModuleTime>2018-02-12T14:08:16Z</ModuleTime>
      <ModuleName>System.Runtime.Extensions</ModuleName>
      <Classes />
    </Module>
    <Module skippedDueTo="Filter" hash="87-6E-97-E2-F1-E2-3A-7C-C4-C2-49-4D-6D-50-8E-B2-E6-F9-9B-42">
      <ModulePath>C:\Program Files\dotnet\shared\Microsoft.NETCore.App\2.0.6\System.Threading.dll</ModulePath>
      <ModuleTime>2018-02-12T14:08:18Z</ModuleTime>
      <ModuleName>System.Threading</ModuleName>
      <Classes />
    </Module>
    <Module skippedDueTo="Filter" hash="84-A5-B8-46-CD-04-96-4C-32-C3-DE-96-00-01-58-8F-15-55-48-8C">
      <ModulePath>C:\Program Files\dotnet\shared\Microsoft.NETCore.App\2.0.6\System.Reflection.dll</ModulePath>
      <ModuleTime>2018-02-12T14:08:16Z</ModuleTime>
      <ModuleName>System.Reflection</ModuleName>
      <Classes />
    </Module>
    <Module skippedDueTo="Filter" hash="D0-00-94-2E-72-F5-B6-88-1C-D5-04-D9-6E-71-60-53-0A-AA-03-0F">
      <ModulePath>C:\Program Files\dotnet\shared\Microsoft.NETCore.App\2.0.6\System.Reflection.TypeExtensions.dll</ModulePath>
      <ModuleTime>2018-02-12T14:08:16Z</ModuleTime>
      <ModuleName>System.Reflection.TypeExtensions</ModuleName>
      <Classes />
    </Module>
    <Module skippedDueTo="Filter" hash="5C-5F-72-69-DB-A5-64-39-1F-D2-D4-E2-8C-C1-E8-68-5B-3A-7E-D1">
      <ModulePath>C:\Program Files\dotnet\shared\Microsoft.NETCore.App\2.0.6\System.Globalization.dll</ModulePath>
      <ModuleTime>2018-02-12T14:08:14Z</ModuleTime>
      <ModuleName>System.Globalization</ModuleName>
      <Classes />
    </Module>
    <Module skippedDueTo="Filter" hash="2D-D5-79-0F-63-C2-97-8D-11-D4-ED-6E-EF-4A-71-51-35-3B-78-B7">
      <ModulePath>C:\Program Files\dotnet\shared\Microsoft.NETCore.App\2.0.6\System.IO.FileSystem.dll</ModulePath>
      <ModuleTime>2018-02-12T14:08:14Z</ModuleTime>
      <ModuleName>System.IO.FileSystem</ModuleName>
      <Classes />
    </Module>
    <Module skippedDueTo="Filter" hash="D5-0A-9E-A5-80-D5-8E-41-A4-1F-1D-14-8D-6C-94-41-07-EC-35-CE">
      <ModulePath>C:\Program Files\dotnet\shared\Microsoft.NETCore.App\2.0.6\System.Linq.dll</ModulePath>
      <ModuleTime>2018-02-12T14:08:14Z</ModuleTime>
      <ModuleName>System.Linq</ModuleName>
      <Classes />
    </Module>
    <Module skippedDueTo="Filter" hash="F0-E4-84-A8-79-A1-1B-38-7C-57-A6-1F-CE-65-6F-D3-66-03-E9-8A">
      <ModulePath>C:\Program Files\dotnet\shared\Microsoft.NETCore.App\2.0.6\System.Text.RegularExpressions.dll</ModulePath>
      <ModuleTime>2018-02-12T14:08:18Z</ModuleTime>
      <ModuleName>System.Text.RegularExpressions</ModuleName>
      <Classes />
    </Module>
    <Module skippedDueTo="Filter" hash="C5-2B-DD-C6-5B-96-07-F3-04-F0-EA-41-A0-C5-1D-30-9E-F1-A1-DA">
      <ModulePath>C:\Program Files\dotnet\shared\Microsoft.NETCore.App\2.0.6\System.Runtime.InteropServices.RuntimeInformation.dll</ModulePath>
      <ModuleTime>2018-02-12T14:08:16Z</ModuleTime>
      <ModuleName>System.Runtime.InteropServices.RuntimeInformation</ModuleName>
      <Classes />
    </Module>
    <Module skippedDueTo="Filter" hash="92-A0-A8-8E-51-E6-AC-FD-A9-8C-33-D5-9F-34-2A-C5-2D-11-65-A6">
      <ModulePath>C:\Program Files\dotnet\shared\Microsoft.NETCore.App\2.0.6\System.Collections.dll</ModulePath>
      <ModuleTime>2018-02-12T14:08:12Z</ModuleTime>
      <ModuleName>System.Collections</ModuleName>
      <Classes />
    </Module>
    <Module skippedDueTo="Filter" hash="74-77-FB-84-E3-C2-3C-CD-DE-DE-03-62-6F-FC-4E-9B-2B-38-27-33">
      <ModulePath>C:\Program Files\dotnet\shared\Microsoft.NETCore.App\2.0.6\System.Runtime.InteropServices.dll</ModulePath>
      <ModuleTime>2018-02-12T14:08:16Z</ModuleTime>
      <ModuleName>System.Runtime.InteropServices</ModuleName>
      <Classes />
    </Module>
    <Module skippedDueTo="Filter" hash="39-CE-2D-79-52-EE-1C-FB-A4-40-2A-FC-71-B3-EE-EF-8A-A0-8F-E0">
      <ModulePath>C:\Program Files\dotnet\shared\Microsoft.NETCore.App\2.0.6\System.Console.dll</ModulePath>
      <ModuleTime>2018-02-12T14:08:14Z</ModuleTime>
      <ModuleName>System.Console</ModuleName>
      <Classes />
    </Module>
    <Module skippedDueTo="Filter" hash="9B-B2-26-38-80-06-02-28-A4-DF-F9-92-31-58-77-EB-78-E4-2F-E5">
      <ModulePath>C:\Program Files\dotnet\shared\Microsoft.NETCore.App\2.0.6\System.Diagnostics.Process.dll</ModulePath>
      <ModuleTime>2018-02-12T14:08:14Z</ModuleTime>
      <ModuleName>System.Diagnostics.Process</ModuleName>
      <Classes />
    </Module>
    <Module skippedDueTo="Filter" hash="19-EA-D5-8B-E7-5B-F7-A7-5D-34-D7-0B-4C-9E-95-3E-45-F3-88-6A">
      <ModulePath>C:\Program Files\dotnet\shared\Microsoft.NETCore.App\2.0.6\System.ComponentModel.Primitives.dll</ModulePath>
      <ModuleTime>2018-02-12T14:08:12Z</ModuleTime>
      <ModuleName>System.ComponentModel.Primitives</ModuleName>
      <Classes />
    </Module>
    <Module skippedDueTo="MissingPdb" hash="DC-FE-09-A9-41-62-B7-B2-38-0A-1A-6C-E2-E5-1F-9B-BA-F9-BD-70">
      <ModulePath>C:\Program Files\dotnet\sdk\2.1.103\Microsoft.Build.Framework.dll</ModulePath>
      <ModuleTime>2018-03-20T23:16:48Z</ModuleTime>
      <ModuleName>Microsoft.Build.Framework</ModuleName>
      <Classes />
    </Module>
    <Module skippedDueTo="Filter" hash="92-0F-F6-8D-25-2E-E2-96-B4-90-BB-09-1C-92-83-87-02-67-80-3D">
      <ModulePath>C:\Program Files\dotnet\shared\Microsoft.NETCore.App\2.0.6\System.IO.dll</ModulePath>
      <ModuleTime>2018-02-12T14:08:14Z</ModuleTime>
      <ModuleName>System.IO</ModuleName>
      <Classes />
    </Module>
    <Module skippedDueTo="MissingPdb" hash="CB-86-F2-07-7A-93-EF-C0-CB-73-EE-36-4E-54-8D-50-AC-FD-20-64">
      <ModulePath>C:\Program Files\dotnet\sdk\2.1.103\Microsoft.Build.dll</ModulePath>
      <ModuleTime>2018-03-20T23:16:48Z</ModuleTime>
      <ModuleName>Microsoft.Build</ModuleName>
      <Classes />
    </Module>
    <Module skippedDueTo="Filter" hash="7A-55-D0-BE-81-29-A1-73-C0-BC-64-08-30-2D-37-9C-D5-AB-6C-A3">
      <ModulePath>C:\Program Files\dotnet\sdk\2.1.103\runtimes\win\lib\netstandard1.3\System.Text.Encoding.CodePages.dll</ModulePath>
      <ModuleTime>2018-03-20T23:16:38Z</ModuleTime>
      <ModuleName>System.Text.Encoding.CodePages</ModuleName>
      <Classes />
    </Module>
    <Module skippedDueTo="Filter" hash="5B-FA-6D-3A-BF-CD-18-1B-F0-86-66-77-D2-D2-7F-72-AE-2E-2F-A0">
      <ModulePath>C:\Program Files\dotnet\shared\Microsoft.NETCore.App\2.0.6\System.Text.Encoding.dll</ModulePath>
      <ModuleTime>2018-02-12T14:08:18Z</ModuleTime>
      <ModuleName>System.Text.Encoding</ModuleName>
      <Classes />
    </Module>
    <Module skippedDueTo="Filter" hash="4E-25-12-36-8F-32-6E-98-57-06-C9-65-B7-76-85-61-93-FA-55-AE">
      <ModulePath>C:\Program Files\dotnet\shared\Microsoft.NETCore.App\2.0.6\System.Collections.NonGeneric.dll</ModulePath>
      <ModuleTime>2018-02-12T14:08:12Z</ModuleTime>
      <ModuleName>System.Collections.NonGeneric</ModuleName>
      <Classes />
    </Module>
    <Module skippedDueTo="Filter" hash="94-46-3F-80-95-7F-8A-16-35-39-D5-37-54-AE-3B-0E-95-D2-24-FF">
      <ModulePath>C:\Program Files\dotnet\shared\Microsoft.NETCore.App\2.0.6\System.Collections.Concurrent.dll</ModulePath>
      <ModuleTime>2018-02-12T14:08:12Z</ModuleTime>
      <ModuleName>System.Collections.Concurrent</ModuleName>
      <Classes />
    </Module>
    <Module skippedDueTo="MissingPdb" hash="FC-E4-49-8C-F5-22-EF-9F-DB-BB-DB-06-AD-33-23-01-CE-D3-14-D7">
      <ModulePath>C:\Program Files\dotnet\sdk\2.1.103\dotnet.dll</ModulePath>
      <ModuleTime>2018-03-20T23:22:08Z</ModuleTime>
      <ModuleName>dotnet</ModuleName>
      <Classes />
    </Module>
    <Module skippedDueTo="MissingPdb" hash="1B-41-45-9E-F5-6C-96-C5-EA-15-86-B2-52-2D-51-F2-9F-3B-9B-32">
      <ModulePath>C:\Program Files\dotnet\sdk\2.1.103\Microsoft.Build.Utilities.Core.dll</ModulePath>
      <ModuleTime>2018-03-20T23:16:48Z</ModuleTime>
      <ModuleName>Microsoft.Build.Utilities.Core</ModuleName>
      <Classes />
    </Module>
    <Module skippedDueTo="MissingPdb" hash="ED-AE-BC-49-72-EF-CE-EF-A1-66-CA-1D-43-8A-DE-82-40-A1-F8-80">
      <ModulePath>C:\Program Files\dotnet\sdk\2.1.103\Microsoft.DotNet.Tools.MigrateCommand.dll</ModulePath>
      <ModuleTime>2018-03-20T23:16:48Z</ModuleTime>
      <ModuleName>Microsoft.DotNet.Tools.MigrateCommand</ModuleName>
      <Classes />
    </Module>
    <Module skippedDueTo="MissingPdb" hash="01-E9-BC-E1-1E-6C-6F-F8-8D-94-8C-F9-53-C4-5D-FC-D0-C6-02-CE">
      <ModulePath>C:\Program Files\dotnet\sdk\2.1.103\Microsoft.DotNet.Cli.Utils.dll</ModulePath>
      <ModuleTime>2018-03-20T23:16:48Z</ModuleTime>
      <ModuleName>Microsoft.DotNet.Cli.Utils</ModuleName>
      <Classes />
    </Module>
    <Module skippedDueTo="MissingPdb" hash="89-B8-76-5A-2A-F4-F1-D1-32-7B-CE-95-FF-5A-15-B5-ED-DF-A3-1A">
      <ModulePath>C:\Program Files\dotnet\sdk\2.1.103\NuGet.Frameworks.dll</ModulePath>
      <ModuleTime>2018-03-20T23:19:16Z</ModuleTime>
      <ModuleName>NuGet.Frameworks</ModuleName>
      <Classes />
    </Module>
    <Module skippedDueTo="Filter" hash="DC-9E-FD-06-2F-6D-3A-1A-46-CF-7A-EF-EC-36-61-8E-4D-8A-49-3B">
      <ModulePath>C:\Program Files\dotnet\shared\Microsoft.NETCore.App\2.0.6\System.Reflection.Extensions.dll</ModulePath>
      <ModuleTime>2018-02-12T14:08:16Z</ModuleTime>
      <ModuleName>System.Reflection.Extensions</ModuleName>
      <Classes />
    </Module>
    <Module skippedDueTo="MissingPdb" hash="70-68-9D-DD-A6-E3-AD-75-49-BC-B7-FF-6E-54-27-A8-27-CA-AB-81">
      <ModulePath>C:\Program Files\dotnet\sdk\2.1.103\Microsoft.DotNet.Configurer.dll</ModulePath>
      <ModuleTime>2018-03-20T23:16:48Z</ModuleTime>
      <ModuleName>Microsoft.DotNet.Configurer</ModuleName>
      <Classes />
    </Module>
    <Module skippedDueTo="MissingPdb" hash="89-EE-58-F1-10-7D-5E-5A-A0-F6-E6-87-5C-42-67-B8-AB-68-86-EC">
      <ModulePath>C:\Program Files\dotnet\sdk\2.1.103\Microsoft.DotNet.InternalAbstractions.dll</ModulePath>
      <ModuleTime>2018-03-20T23:16:48Z</ModuleTime>
      <ModuleName>Microsoft.DotNet.InternalAbstractions</ModuleName>
      <Classes />
    </Module>
    <Module skippedDueTo="Filter" hash="71-2F-C5-77-38-5E-60-DE-BD-B8-89-28-83-AA-05-67-87-33-9F-F6">
      <ModulePath>C:\Program Files\dotnet\shared\Microsoft.NETCore.App\2.0.6\System.IO.FileSystem.Primitives.dll</ModulePath>
      <ModuleTime>2018-02-12T14:08:14Z</ModuleTime>
      <ModuleName>System.IO.FileSystem.Primitives</ModuleName>
      <Classes />
    </Module>
    <Module skippedDueTo="MissingPdb" hash="DF-F1-44-E8-0C-75-33-31-16-A3-D4-52-19-7C-14-89-0E-F8-4C-CD">
      <ModulePath>C:\Program Files\dotnet\sdk\2.1.103\Microsoft.ApplicationInsights.dll</ModulePath>
      <ModuleTime>2018-03-20T23:16:48Z</ModuleTime>
      <ModuleName>Microsoft.ApplicationInsights</ModuleName>
      <Classes />
    </Module>
    <Module skippedDueTo="Filter" hash="4F-4C-40-E4-82-C3-85-1A-AF-56-BD-FA-7E-4F-92-20-D7-D4-29-BE">
      <ModulePath>C:\Program Files\dotnet\shared\Microsoft.NETCore.App\2.0.6\System.Text.Encoding.Extensions.dll</ModulePath>
      <ModuleTime>2018-02-12T14:08:18Z</ModuleTime>
      <ModuleName>System.Text.Encoding.Extensions</ModuleName>
      <Classes />
    </Module>
    <Module skippedDueTo="MissingPdb" hash="C5-8C-5E-E1-FD-9C-63-F7-15-7E-EF-EA-15-1E-0E-06-6B-01-47-57">
      <ModulePath>C:\Program Files\dotnet\sdk\2.1.103\Microsoft.DotNet.PlatformAbstractions.dll</ModulePath>
      <ModuleTime>2018-03-20T23:16:48Z</ModuleTime>
      <ModuleName>Microsoft.DotNet.PlatformAbstractions</ModuleName>
      <Classes />
    </Module>
    <Module skippedDueTo="Filter" hash="C2-16-61-E5-D0-DF-DB-5A-BC-62-1C-A0-35-05-3C-B3-04-17-42-BE">
      <ModulePath>C:\Program Files\dotnet\shared\Microsoft.NETCore.App\2.0.6\System.Xml.XDocument.dll</ModulePath>
      <ModuleTime>2018-02-12T14:08:18Z</ModuleTime>
      <ModuleName>System.Xml.XDocument</ModuleName>
      <Classes />
    </Module>
    <Module skippedDueTo="Filter" hash="2D-8E-74-28-26-0D-5A-B2-BA-DE-85-28-C3-7D-20-2E-CE-7D-02-D8">
      <ModulePath>C:\Program Files\dotnet\shared\Microsoft.NETCore.App\2.0.6\System.Private.Xml.Linq.dll</ModulePath>
      <ModuleTime>2018-02-12T14:08:16Z</ModuleTime>
      <ModuleName>System.Private.Xml.Linq</ModuleName>
      <Classes />
    </Module>
    <Module skippedDueTo="Filter" hash="0B-56-1C-AE-DD-6F-AC-1D-F3-BD-0F-31-55-94-8D-25-47-88-B0-78">
      <ModulePath>C:\Program Files\dotnet\shared\Microsoft.NETCore.App\2.0.6\System.Runtime.Handles.dll</ModulePath>
      <ModuleTime>2018-02-12T14:08:16Z</ModuleTime>
      <ModuleName>System.Runtime.Handles</ModuleName>
      <Classes />
    </Module>
    <Module skippedDueTo="Filter" hash="02-EA-D2-09-92-36-74-EF-B9-B6-1F-D1-DE-8B-D0-EA-F4-30-8F-41">
      <ModulePath>C:\Program Files\dotnet\shared\Microsoft.NETCore.App\2.0.6\System.Private.Xml.dll</ModulePath>
      <ModuleTime>2018-02-12T14:08:16Z</ModuleTime>
      <ModuleName>System.Private.Xml</ModuleName>
      <Classes />
    </Module>
    <Module skippedDueTo="Filter" hash="EF-1A-73-51-0E-C1-5B-7E-B0-2C-1D-21-EC-1D-4E-7C-07-18-D4-9D">
      <ModulePath>C:\Program Files\dotnet\shared\Microsoft.NETCore.App\2.0.6\System.Xml.ReaderWriter.dll</ModulePath>
      <ModuleTime>2018-02-12T14:08:18Z</ModuleTime>
      <ModuleName>System.Xml.ReaderWriter</ModuleName>
      <Classes />
    </Module>
    <Module skippedDueTo="Filter" hash="FC-7B-CD-1A-6E-67-17-C3-65-5B-B9-2A-DB-4E-67-8F-CE-B4-2B-1B">
      <ModulePath>C:\Program Files\dotnet\shared\Microsoft.NETCore.App\2.0.6\System.Diagnostics.Tracing.dll</ModulePath>
      <ModuleTime>2018-02-12T14:08:14Z</ModuleTime>
      <ModuleName>System.Diagnostics.Tracing</ModuleName>
      <Classes />
    </Module>
    <Module skippedDueTo="Filter" hash="78-95-86-14-8B-F9-4E-44-F1-20-95-26-17-D0-FC-87-4C-7C-75-CD">
      <ModulePath>C:\Program Files\dotnet\shared\Microsoft.NETCore.App\2.0.6\System.Private.Uri.dll</ModulePath>
      <ModuleTime>2018-02-12T14:08:16Z</ModuleTime>
      <ModuleName>System.Private.Uri</ModuleName>
      <Classes />
    </Module>
    <Module skippedDueTo="Filter" hash="DF-5C-FF-96-00-17-A0-6B-D0-3A-36-45-BE-79-3C-DE-BA-AF-CA-19">
      <ModulePath>C:\Program Files\dotnet\shared\Microsoft.NETCore.App\2.0.6\System.Threading.Tasks.dll</ModulePath>
      <ModuleTime>2018-02-12T14:08:18Z</ModuleTime>
      <ModuleName>System.Threading.Tasks</ModuleName>
      <Classes />
    </Module>
    <Module skippedDueTo="Filter" hash="3D-B3-66-6F-CB-BC-50-AB-35-7C-8D-7C-AF-45-05-0B-44-09-69-13">
      <ModulePath>C:\Program Files\dotnet\shared\Microsoft.NETCore.App\2.0.6\System.Threading.Tasks.Dataflow.dll</ModulePath>
      <ModuleTime>2018-02-12T14:08:18Z</ModuleTime>
      <ModuleName>System.Threading.Tasks.Dataflow</ModuleName>
      <Classes />
    </Module>
    <Module skippedDueTo="Filter" hash="BF-20-DF-C8-19-CF-68-7B-1B-82-1A-CC-0F-8B-9F-C2-4F-B5-D9-26">
      <ModulePath>C:\Program Files\dotnet\shared\Microsoft.NETCore.App\2.0.6\System.Security.Cryptography.Algorithms.dll</ModulePath>
      <ModuleTime>2018-02-12T14:08:16Z</ModuleTime>
      <ModuleName>System.Security.Cryptography.Algorithms</ModuleName>
      <Classes />
    </Module>
    <Module skippedDueTo="MissingPdb" hash="D7-4C-25-9E-F6-F3-AC-52-49-87-FB-5B-B5-45-ED-AA-3C-DC-3A-CD">
      <ModulePath>C:\Program Files\dotnet\shared\Microsoft.NETCore.App\2.0.6\netstandard.dll</ModulePath>
      <ModuleTime>2018-02-12T14:08:18Z</ModuleTime>
      <ModuleName>netstandard</ModuleName>
      <Classes />
    </Module>
    <Module skippedDueTo="Filter" hash="67-1E-EB-FF-01-79-16-56-E3-CB-CD-82-09-8F-7F-B9-7C-B0-DC-79">
      <ModulePath>C:\Program Files\dotnet\shared\Microsoft.NETCore.App\2.0.6\System.Security.Cryptography.Primitives.dll</ModulePath>
      <ModuleTime>2018-02-12T14:08:16Z</ModuleTime>
      <ModuleName>System.Security.Cryptography.Primitives</ModuleName>
      <Classes />
    </Module>
    <Module skippedDueTo="Filter" hash="89-75-06-46-0C-9B-CD-2F-AA-E6-06-34-77-24-D5-14-0C-B4-74-2A">
      <ModulePath>C:\Program Files\dotnet\shared\Microsoft.NETCore.App\2.0.6\System.Resources.ResourceManager.dll</ModulePath>
      <ModuleTime>2018-02-12T14:08:16Z</ModuleTime>
      <ModuleName>System.Resources.ResourceManager</ModuleName>
      <Classes />
    </Module>
    <Module skippedDueTo="MissingPdb" hash="03-55-1B-E2-CE-11-50-2C-B6-52-85-ED-9E-A1-EA-46-4C-E3-69-6A">
      <ModulePath>C:\Program Files\dotnet\sdk\2.1.103\de\Microsoft.Build.resources.dll</ModulePath>
      <ModuleTime>2018-03-20T23:18:44Z</ModuleTime>
      <ModuleName>Microsoft.Build.resources</ModuleName>
      <Classes />
    </Module>
    <Module skippedDueTo="Filter" hash="50-77-9F-CB-12-69-CF-BF-B6-B0-1F-55-50-63-BB-61-08-2A-9E-55">
      <ModulePath>C:\Program Files\dotnet\shared\Microsoft.NETCore.App\2.0.6\System.ObjectModel.dll</ModulePath>
      <ModuleTime>2018-02-12T14:08:14Z</ModuleTime>
      <ModuleName>System.ObjectModel</ModuleName>
      <Classes />
    </Module>
    <Module skippedDueTo="Filter" hash="2A-5E-9E-2C-38-87-BC-0E-56-4F-6E-D1-E2-29-43-D4-A8-9E-43-AA">
      <ModulePath>C:\Program Files\dotnet\shared\Microsoft.NETCore.App\2.0.6\System.Threading.Thread.dll</ModulePath>
      <ModuleTime>2018-02-12T14:08:18Z</ModuleTime>
      <ModuleName>System.Threading.Thread</ModuleName>
      <Classes />
    </Module>
    <Module skippedDueTo="Filter" hash="4F-A9-C3-9D-F2-0D-D8-A9-A4-CF-EC-22-E4-BE-95-E7-B7-9A-BA-7A">
      <ModulePath>C:\Program Files\dotnet\shared\Microsoft.NETCore.App\2.0.6\System.Xml.XmlDocument.dll</ModulePath>
      <ModuleTime>2018-02-12T14:08:18Z</ModuleTime>
      <ModuleName>System.Xml.XmlDocument</ModuleName>
      <Classes />
    </Module>
    <Module skippedDueTo="Filter" hash="86-34-D0-E2-08-E2-77-A3-C0-2F-5A-75-78-26-12-C4-D5-CB-FA-AF">
      <ModulePath>C:\Program Files\dotnet\shared\Microsoft.NETCore.App\2.0.6\System.Diagnostics.TraceSource.dll</ModulePath>
      <ModuleTime>2018-02-12T14:08:14Z</ModuleTime>
      <ModuleName>System.Diagnostics.TraceSource</ModuleName>
      <Classes />
    </Module>
    <Module skippedDueTo="Filter" hash="83-1F-2B-55-93-E3-AF-2A-CA-E7-4A-06-94-92-8D-3F-24-22-32-9C">
      <ModulePath>C:\Program Files\dotnet\shared\Microsoft.NETCore.App\2.0.6\System.Runtime.Loader.dll</ModulePath>
      <ModuleTime>2018-02-12T14:08:16Z</ModuleTime>
      <ModuleName>System.Runtime.Loader</ModuleName>
      <Classes />
    </Module>
    <Module skippedDueTo="MissingPdb" hash="48-4E-64-61-E2-C0-9C-F2-34-7D-EC-E6-C7-F6-C0-25-E4-B4-CA-88">
      <ModulePath>C:\Program Files\dotnet\sdk\2.1.103\SdkResolvers\NuGet.MSBuildSdkResolver\NuGet.MSBuildSdkResolver.dll</ModulePath>
      <ModuleTime>2018-03-20T23:17:02Z</ModuleTime>
      <ModuleName>NuGet.MSBuildSdkResolver</ModuleName>
      <Classes />
    </Module>
    <Module skippedDueTo="Filter" hash="C7-BD-6B-0C-3D-32-30-F4-F7-85-4A-8C-82-03-BC-B8-83-F0-F0-A7">
      <ModulePath>C:\Program Files\dotnet\shared\Microsoft.NETCore.App\2.0.6\System.Diagnostics.FileVersionInfo.dll</ModulePath>
      <ModuleTime>2018-02-12T14:08:14Z</ModuleTime>
      <ModuleName>System.Diagnostics.FileVersionInfo</ModuleName>
      <Classes />
    </Module>
    <Module skippedDueTo="Filter" hash="C7-CF-03-DF-0E-CE-85-B8-2A-F7-57-EF-12-E4-74-20-58-19-48-ED">
      <ModulePath>C:\Program Files\dotnet\shared\Microsoft.NETCore.App\2.0.6\System.Collections.Immutable.dll</ModulePath>
      <ModuleTime>2018-02-12T14:08:12Z</ModuleTime>
      <ModuleName>System.Collections.Immutable</ModuleName>
      <Classes />
    </Module>
    <Module skippedDueTo="Filter" hash="B2-94-37-EE-ED-59-54-03-B0-86-57-F9-BA-C3-36-BA-7B-4E-34-5F">
      <ModulePath>C:\Program Files\dotnet\shared\Microsoft.NETCore.App\2.0.6\System.Reflection.Primitives.dll</ModulePath>
      <ModuleTime>2018-02-12T14:08:16Z</ModuleTime>
      <ModuleName>System.Reflection.Primitives</ModuleName>
      <Classes />
    </Module>
    <Module skippedDueTo="Filter" hash="32-4A-89-37-DB-9C-94-F1-72-31-4A-AA-B2-98-2A-8B-E9-13-AB-B3">
      <ModulePath>C:\Program Files\dotnet\shared\Microsoft.NETCore.App\2.0.6\System.Threading.Tasks.Parallel.dll</ModulePath>
      <ModuleTime>2018-02-12T14:08:18Z</ModuleTime>
      <ModuleName>System.Threading.Tasks.Parallel</ModuleName>
      <Classes />
    </Module>
    <Module skippedDueTo="MissingPdb" hash="2E-7C-DC-72-85-CE-3B-58-18-A4-DB-20-04-88-39-54-D8-F9-18-58">
      <ModulePath>C:\Program Files\dotnet\sdk\2.1.103\Microsoft.Build.Tasks.Core.dll</ModulePath>
      <ModuleTime>2018-03-20T23:16:48Z</ModuleTime>
      <ModuleName>Microsoft.Build.Tasks.Core</ModuleName>
      <Classes />
    </Module>
    <Module skippedDueTo="Filter" hash="7D-6F-C2-8E-C5-D0-E8-3B-19-83-FD-D7-62-A5-C5-8C-DC-12-C7-51">
      <ModulePath>C:\Program Files\dotnet\shared\Microsoft.NETCore.App\2.0.6\System.Threading.ThreadPool.dll</ModulePath>
      <ModuleTime>2018-02-12T14:08:18Z</ModuleTime>
      <ModuleName>System.Threading.ThreadPool</ModuleName>
      <Classes />
    </Module>
    <Module skippedDueTo="MissingPdb" hash="1B-42-03-F2-29-77-7D-22-3A-2E-85-5E-FB-F1-13-33-26-B8-0B-5D">
      <ModulePath>C:\Program Files\dotnet\sdk\2.1.103\NuGet.Build.Tasks.dll</ModulePath>
      <ModuleTime>2018-03-20T23:19:16Z</ModuleTime>
      <ModuleName>NuGet.Build.Tasks</ModuleName>
      <Classes />
    </Module>
    <Module skippedDueTo="MissingPdb" hash="49-BD-82-7B-90-04-6E-8A-D7-B0-2F-B9-93-04-8B-36-9B-AD-38-97">
      <ModulePath>C:\Program Files\dotnet\sdk\2.1.103\NuGet.Commands.dll</ModulePath>
      <ModuleTime>2018-03-20T23:19:16Z</ModuleTime>
      <ModuleName>NuGet.Commands</ModuleName>
      <Classes />
    </Module>
    <Module skippedDueTo="MissingPdb" hash="77-56-5B-67-08-D5-A9-14-AF-CD-71-7B-7F-A5-D8-F2-B2-1B-81-9E">
      <ModulePath>C:\Program Files\dotnet\sdk\2.1.103\NuGet.Common.dll</ModulePath>
      <ModuleTime>2018-03-20T23:19:16Z</ModuleTime>
      <ModuleName>NuGet.Common</ModuleName>
      <Classes />
    </Module>
    <Module skippedDueTo="MissingPdb" hash="B9-50-FE-1F-04-F7-7D-1F-43-BB-93-5D-31-E8-03-61-3C-2D-2E-62">
      <ModulePath>C:\Program Files\dotnet\shared\Microsoft.NETCore.App\2.0.6\Microsoft.Win32.Primitives.dll</ModulePath>
      <ModuleTime>2018-02-12T14:08:12Z</ModuleTime>
      <ModuleName>Microsoft.Win32.Primitives</ModuleName>
      <Classes />
    </Module>
    <Module skippedDueTo="Filter" hash="DF-2C-0D-1E-52-A0-E9-F5-77-CA-68-4F-46-AF-0C-B2-75-A2-10-FC">
      <ModulePath>C:\Program Files\dotnet\shared\Microsoft.NETCore.App\2.0.6\System.ComponentModel.dll</ModulePath>
      <ModuleTime>2018-02-12T14:08:14Z</ModuleTime>
      <ModuleName>System.ComponentModel</ModuleName>
      <Classes />
    </Module>
    <Module skippedDueTo="MissingPdb" hash="1F-5B-C7-FB-2B-2B-2A-D8-64-4E-D6-12-63-AA-C0-D1-D4-36-A8-08">
      <ModulePath>C:\Program Files\dotnet\sdk\2.1.103\Sdks\Microsoft.NET.Sdk\build\..\tools\netcoreapp1.0/Microsoft.NET.Build.Tasks.dll</ModulePath>
      <ModuleTime>2018-03-20T23:15:58Z</ModuleTime>
      <ModuleName>Microsoft.NET.Build.Tasks</ModuleName>
      <Classes />
    </Module>
    <Module skippedDueTo="MissingPdb" hash="C8-CE-A4-65-A9-D2-EF-61-0F-17-92-83-C2-FA-92-27-FC-FC-B8-8D">
      <ModulePath>C:\Program Files\dotnet\sdk\2.1.103\NuGet.Configuration.dll</ModulePath>
      <ModuleTime>2018-03-20T23:19:16Z</ModuleTime>
      <ModuleName>NuGet.Configuration</ModuleName>
      <Classes />
    </Module>
    <Module skippedDueTo="MissingPdb" hash="06-8F-05-D9-FB-55-87-00-7C-F0-3A-FB-B1-6F-3E-DE-14-D6-A4-57">
      <ModulePath>C:\Program Files\dotnet\sdk\2.1.103\NuGet.ProjectModel.dll</ModulePath>
      <ModuleTime>2018-03-20T23:19:16Z</ModuleTime>
      <ModuleName>NuGet.ProjectModel</ModuleName>
      <Classes />
    </Module>
    <Module skippedDueTo="MissingPdb" hash="F9-96-0B-1E-B7-FC-46-4F-87-90-82-55-65-D6-85-17-5F-69-57-1D">
      <ModulePath>C:\Program Files\dotnet\sdk\2.1.103\NuGet.Versioning.dll</ModulePath>
      <ModuleTime>2018-03-20T23:19:16Z</ModuleTime>
      <ModuleName>NuGet.Versioning</ModuleName>
      <Classes />
    </Module>
    <Module skippedDueTo="MissingPdb" hash="52-9C-44-83-BB-50-61-4F-E9-06-72-73-B1-B4-7A-82-EE-48-BF-7B">
      <ModulePath>C:\Program Files\dotnet\sdk\2.1.103\NuGet.Protocol.dll</ModulePath>
      <ModuleTime>2018-03-20T23:19:16Z</ModuleTime>
      <ModuleName>NuGet.Protocol</ModuleName>
      <Classes />
    </Module>
    <Module skippedDueTo="MissingPdb" hash="BE-96-8F-4E-3B-F1-81-84-78-84-9F-32-D2-5C-CE-87-0D-3D-3B-EC">
      <ModulePath>C:\Program Files\dotnet\sdk\2.1.103\NuGet.Packaging.dll</ModulePath>
      <ModuleTime>2018-03-20T23:19:16Z</ModuleTime>
      <ModuleName>NuGet.Packaging</ModuleName>
      <Classes />
    </Module>
    <Module skippedDueTo="MissingPdb" hash="C2-F1-2F-81-E3-02-E5-0E-3B-D5-7E-EB-EF-46-5D-77-75-52-94-20">
      <ModulePath>C:\Program Files\dotnet\sdk\2.1.103\NuGet.DependencyResolver.Core.dll</ModulePath>
      <ModuleTime>2018-03-20T23:19:16Z</ModuleTime>
      <ModuleName>NuGet.DependencyResolver.Core</ModuleName>
      <Classes />
    </Module>
    <Module skippedDueTo="MissingPdb" hash="C2-54-24-EB-7A-3C-3E-E3-2E-9C-10-1E-B9-6A-F1-05-E3-8D-E1-F4">
      <ModulePath>C:\Program Files\dotnet\sdk\2.1.103\NuGet.Packaging.Core.dll</ModulePath>
      <ModuleTime>2018-03-20T23:19:16Z</ModuleTime>
      <ModuleName>NuGet.Packaging.Core</ModuleName>
      <Classes />
    </Module>
    <Module skippedDueTo="MissingPdb" hash="7A-D0-7E-C8-60-65-87-11-A0-D8-DF-1A-26-8B-A2-DA-E2-18-14-A2">
      <ModulePath>C:\Program Files\dotnet\sdk\2.1.103\Newtonsoft.Json.dll</ModulePath>
      <ModuleTime>2018-03-20T23:15:46Z</ModuleTime>
      <ModuleName>Newtonsoft.Json</ModuleName>
      <Classes />
    </Module>
    <Module skippedDueTo="Filter" hash="7F-DB-48-F5-39-5B-E3-E5-82-77-DC-0B-71-41-05-99-F1-C7-22-07">
      <ModulePath>C:\Program Files\dotnet\shared\Microsoft.NETCore.App\2.0.6\System.Dynamic.Runtime.dll</ModulePath>
      <ModuleTime>2018-02-12T14:08:14Z</ModuleTime>
      <ModuleName>System.Dynamic.Runtime</ModuleName>
      <Classes />
    </Module>
    <Module skippedDueTo="Filter" hash="A5-A1-9F-77-89-C1-00-1B-9A-02-6A-42-30-36-66-CE-9E-9F-70-20">
      <ModulePath>C:\Program Files\dotnet\shared\Microsoft.NETCore.App\2.0.6\System.Linq.Expressions.dll</ModulePath>
      <ModuleTime>2018-02-12T14:08:14Z</ModuleTime>
      <ModuleName>System.Linq.Expressions</ModuleName>
      <Classes />
    </Module>
    <Module skippedDueTo="MissingPdb" hash="16-3B-27-A8-F1-7A-AE-B7-E4-A3-2B-44-1C-73-D8-C7-01-57-8D-B7">
      <ModulePath>C:\Program Files\dotnet\sdk\2.1.103\NuGet.LibraryModel.dll</ModulePath>
      <ModuleTime>2018-03-20T23:19:16Z</ModuleTime>
      <ModuleName>NuGet.LibraryModel</ModuleName>
      <Classes />
    </Module>
    <Module skippedDueTo="Filter" hash="E8-86-D1-FB-41-EC-79-E3-BD-D2-A8-8A-74-E2-D2-44-F7-70-A8-58">
      <ModulePath>C:\Program Files\dotnet\shared\Microsoft.NETCore.App\2.0.6\System.Runtime.Serialization.Primitives.dll</ModulePath>
      <ModuleTime>2018-02-12T14:08:16Z</ModuleTime>
      <ModuleName>System.Runtime.Serialization.Primitives</ModuleName>
      <Classes />
    </Module>
    <Module skippedDueTo="MissingPdb" hash="00-19-70-68-F3-87-24-A8-B7-15-73-B7-5B-BC-87-38-9A-32-60-1C">
      <ModulePath>C:\Program Files\dotnet\sdk\2.1.103\Microsoft.TestPlatform.Build.dll</ModulePath>
      <ModuleTime>2018-03-20T23:16:48Z</ModuleTime>
      <ModuleName>Microsoft.TestPlatform.Build</ModuleName>
      <Classes />
    </Module>
    <Module skippedDueTo="MissingPdb" hash="11-AD-80-F9-7E-90-E6-A8-C6-48-C0-41-1F-DD-52-82-E0-93-E1-28">
      <ModulePath>C:\Program Files\dotnet\sdk\2.1.103\de\Microsoft.TestPlatform.Build.resources.dll</ModulePath>
      <ModuleTime>2018-03-20T23:18:44Z</ModuleTime>
      <ModuleName>Microsoft.TestPlatform.Build.resources</ModuleName>
      <Classes />
    </Module>
    <Module skippedDueTo="Filter" hash="FC-DC-FD-78-0A-23-4B-CB-39-83-8A-DB-9D-82-B7-98-DB-80-3D-90">
      <ModulePath>C:\Program Files\dotnet\shared\Microsoft.NETCore.App\2.0.6\System.Diagnostics.Tools.dll</ModulePath>
      <ModuleTime>2018-02-12T14:08:14Z</ModuleTime>
      <ModuleName>System.Diagnostics.Tools</ModuleName>
      <Classes />
    </Module>
    <Module skippedDueTo="Filter" hash="81-34-59-BB-A4-35-D3-C2-91-73-A0-81-93-7A-04-92-17-51-BF-34">
      <ModulePath>C:\Program Files\dotnet\shared\Microsoft.NETCore.App\2.0.6\System.Diagnostics.Debug.dll</ModulePath>
      <ModuleTime>2018-02-12T14:08:14Z</ModuleTime>
      <ModuleName>System.Diagnostics.Debug</ModuleName>
      <Classes />
    </Module>
    <Module skippedDueTo="Filter" hash="B5-03-F5-58-64-0F-70-F2-A9-B8-B7-C6-3D-2D-8F-1F-9B-2B-AB-EC">
      <ModulePath>C:\Program Files\dotnet\shared\Microsoft.NETCore.App\2.0.6\System.IO.Compression.dll</ModulePath>
      <ModuleTime>2018-02-12T14:08:14Z</ModuleTime>
      <ModuleName>System.IO.Compression</ModuleName>
      <Classes />
    </Module>
    <Module skippedDueTo="Filter" hash="4D-FE-85-E6-50-1D-C2-A7-61-3B-05-B0-9C-3C-2F-6F-B7-CF-BB-3B">
      <ModulePath>C:\Program Files\dotnet\shared\Microsoft.NETCore.App\2.0.6\System.Buffers.dll</ModulePath>
      <ModuleTime>2018-02-12T14:08:12Z</ModuleTime>
      <ModuleName>System.Buffers</ModuleName>
      <Classes />
    </Module>
    <Module skippedDueTo="Filter" hash="52-E5-54-D5-A8-A0-50-CB-D4-0D-B6-D8-5D-CD-7B-2B-06-95-BC-5A">
      <ModulePath>C:\Program Files\dotnet\shared\Microsoft.NETCore.App\2.0.6\System.Net.Http.dll</ModulePath>
      <ModuleTime>2018-02-12T14:08:14Z</ModuleTime>
      <ModuleName>System.Net.Http</ModuleName>
      <Classes />
    </Module>
    <Module skippedDueTo="Filter" hash="93-49-30-3B-88-81-25-95-00-BB-F5-C4-7F-19-08-BA-58-9F-F9-38">
      <ModulePath>C:\Program Files\dotnet\shared\Microsoft.NETCore.App\2.0.6\System.Net.Primitives.dll</ModulePath>
      <ModuleTime>2018-02-12T14:08:14Z</ModuleTime>
      <ModuleName>System.Net.Primitives</ModuleName>
      <Classes />
    </Module>
    <Module skippedDueTo="Filter" hash="48-7B-E9-E3-F3-5C-80-9F-E9-72-07-C8-5E-F7-A6-C8-48-67-6E-16">
      <ModulePath>C:\Program Files\dotnet\shared\Microsoft.NETCore.App\2.0.6\System.Diagnostics.DiagnosticSource.dll</ModulePath>
      <ModuleTime>2018-02-12T14:08:14Z</ModuleTime>
      <ModuleName>System.Diagnostics.DiagnosticSource</ModuleName>
      <Classes />
    </Module>
    <Module skippedDueTo="Filter" hash="3C-99-60-29-E6-99-15-0E-BB-6E-72-13-BA-CF-02-D7-90-4A-69-1E">
      <ModulePath>C:\Program Files\dotnet\shared\Microsoft.NETCore.App\2.0.6\System.Security.Cryptography.X509Certificates.dll</ModulePath>
      <ModuleTime>2018-02-12T14:08:16Z</ModuleTime>
      <ModuleName>System.Security.Cryptography.X509Certificates</ModuleName>
      <Classes />
    </Module>
    <Module skippedDueTo="MissingPdb" hash="99-E8-8D-B4-7B-64-24-56-49-81-27-42-DD-BD-A2-8A-36-CE-6F-B5">
      <ModulePath>C:\Program Files\dotnet\sdk\2.1.103\de\Microsoft.Build.Tasks.Core.resources.dll</ModulePath>
      <ModuleTime>2018-03-20T23:18:44Z</ModuleTime>
      <ModuleName>Microsoft.Build.Tasks.Core.resources</ModuleName>
      <Classes />
    </Module>
    <Module skippedDueTo="Filter" hash="C8-0C-9D-03-B7-B6-F0-25-81-1C-A5-97-6E-65-5E-F8-0E-88-62-03">
      <ModulePath>C:\Program Files\dotnet\shared\Microsoft.NETCore.App\2.0.6\System.Threading.Timer.dll</ModulePath>
      <ModuleTime>2018-02-12T14:08:18Z</ModuleTime>
      <ModuleName>System.Threading.Timer</ModuleName>
      <Classes />
    </Module>
    <Module skippedDueTo="MissingPdb" hash="90-34-97-AC-C5-C6-C4-A2-EE-B5-CE-FD-24-37-59-52-BE-DF-0E-39">
      <ModulePath>C:\Program Files\dotnet\sdk\2.1.103\Sdks\Microsoft.NET.Sdk\build\..\tools\netcoreapp1.0\de\Microsoft.NET.Build.Tasks.resources.dll</ModulePath>
      <ModuleTime>2018-03-20T23:15:58Z</ModuleTime>
      <ModuleName>Microsoft.NET.Build.Tasks.resources</ModuleName>
      <Classes />
    </Module>
    <Module skippedDueTo="Filter" hash="71-2C-67-1A-10-AC-5B-88-F5-E8-C8-98-4A-7E-42-24-B8-92-6E-B5">
      <ModulePath>C:\Program Files\dotnet\shared\Microsoft.NETCore.App\2.0.6\System.Reflection.Metadata.dll</ModulePath>
      <ModuleTime>2018-02-12T14:08:16Z</ModuleTime>
      <ModuleName>System.Reflection.Metadata</ModuleName>
      <Classes />
    </Module>
    <Module skippedDueTo="Filter" hash="4B-3B-E6-8A-FF-42-69-71-D9-EE-C4-E7-C1-CF-2F-22-83-BC-C0-D1">
      <ModulePath>C:\Program Files\dotnet\shared\Microsoft.NETCore.App\2.0.6\System.IO.MemoryMappedFiles.dll</ModulePath>
      <ModuleTime>2018-02-12T14:08:14Z</ModuleTime>
      <ModuleName>System.IO.MemoryMappedFiles</ModuleName>
      <Classes />
    </Module>
    <Module skippedDueTo="MissingPdb" hash="8E-90-39-D3-AE-F1-F5-D8-BB-C5-64-14-5F-99-CB-52-7B-D7-7E-CE">
      <ModulePath>C:\Program Files\dotnet\sdk\2.1.103\Roslyn\Microsoft.Build.Tasks.CodeAnalysis.dll</ModulePath>
      <ModuleTime>2018-03-20T23:15:58Z</ModuleTime>
      <ModuleName>Microsoft.Build.Tasks.CodeAnalysis</ModuleName>
      <Classes />
    </Module>
    <Module skippedDueTo="Filter" hash="E0-14-FE-D4-58-6F-99-D1-EC-85-72-C4-5D-02-FF-B2-BC-F2-55-0B">
      <ModulePath>C:\Program Files\dotnet\shared\Microsoft.NETCore.App\2.0.6\System.Security.Principal.Windows.dll</ModulePath>
      <ModuleTime>2018-02-12T14:08:16Z</ModuleTime>
      <ModuleName>System.Security.Principal.Windows</ModuleName>
      <Classes />
    </Module>
    <Module skippedDueTo="Filter" hash="53-08-22-B1-A4-31-42-13-22-BC-CF-E0-DF-C7-D4-3E-72-F6-1A-47">
      <ModulePath>C:\Program Files\dotnet\shared\Microsoft.NETCore.App\2.0.6\System.Security.Claims.dll</ModulePath>
      <ModuleTime>2018-02-12T14:08:16Z</ModuleTime>
      <ModuleName>System.Security.Claims</ModuleName>
      <Classes />
    </Module>
    <Module skippedDueTo="Filter" hash="6B-46-D6-A9-A6-AF-1F-84-62-C3-57-CC-CC-E5-36-41-1D-60-5B-43">
      <ModulePath>C:\Program Files\dotnet\shared\Microsoft.NETCore.App\2.0.6\System.Security.Principal.dll</ModulePath>
      <ModuleTime>2018-02-12T14:08:16Z</ModuleTime>
      <ModuleName>System.Security.Principal</ModuleName>
      <Classes />
    </Module>
    <Module skippedDueTo="MissingPdb" hash="25-74-EA-02-80-AF-EE-73-DE-A9-CB-9A-3C-F5-66-1D-D4-7E-3B-B5">
      <ModulePath>C:\Program Files\dotnet\sdk\2.1.103\Roslyn\de\Microsoft.Build.Tasks.CodeAnalysis.resources.dll</ModulePath>
      <ModuleTime>2018-03-20T23:15:58Z</ModuleTime>
      <ModuleName>Microsoft.Build.Tasks.CodeAnalysis.resources</ModuleName>
      <Classes />
    </Module>
    <Module skippedDueTo="Filter" hash="46-B5-A8-B0-43-51-4A-AE-A0-E6-D0-6D-57-F0-09-49-BE-85-86-C4">
      <ModulePath>C:\Program Files\dotnet\shared\Microsoft.NETCore.App\2.0.6\System.IO.Pipes.dll</ModulePath>
      <ModuleTime>2018-02-12T14:08:14Z</ModuleTime>
      <ModuleName>System.IO.Pipes</ModuleName>
      <Classes />
    </Module>
    <Module skippedDueTo="Filter" hash="4E-49-A6-0E-56-4F-9D-E7-FA-6D-EF-E3-6D-51-99-4A-28-21-6E-7C">
      <ModulePath>C:\Program Files\dotnet\shared\Microsoft.NETCore.App\2.0.6\System.Threading.Overlapped.dll</ModulePath>
      <ModuleTime>2018-02-12T14:08:18Z</ModuleTime>
      <ModuleName>System.Threading.Overlapped</ModuleName>
      <Classes />
    </Module>
    <Module skippedDueTo="Filter" hash="FB-0D-0B-B3-C2-A9-AA-23-49-81-DD-BB-38-D0-DC-AA-80-C6-53-6C">
      <ModulePath>C:\Program Files\dotnet\shared\Microsoft.NETCore.App\2.0.6\System.Security.AccessControl.dll</ModulePath>
      <ModuleTime>2018-02-12T14:08:16Z</ModuleTime>
      <ModuleName>System.Security.AccessControl</ModuleName>
      <Classes />
    </Module>
    <Module skippedDueTo="Filter" hash="5C-56-D9-B6-03-01-60-7C-45-8A-F0-CB-F5-87-2B-05-21-CA-54-EF">
      <ModulePath>C:\Program Files\dotnet\sdk\2.1.103\Roslyn\runtimes\win\lib\netstandard1.3\System.IO.Pipes.AccessControl.dll</ModulePath>
      <ModuleTime>2018-03-20T23:16:38Z</ModuleTime>
      <ModuleName>System.IO.Pipes.AccessControl</ModuleName>
      <Classes />
    </Module>
    <Module skippedDueTo="MissingPdb" hash="07-54-4E-AA-4F-4A-A1-A5-6D-92-3E-D7-CE-F7-54-04-DE-D1-A1-14">
      <ModulePath>C:\Program Files\dotnet\sdk\2.1.103\Microsoft.Extensions.DependencyModel.dll</ModulePath>
      <ModuleTime>2018-03-20T23:16:48Z</ModuleTime>
      <ModuleName>Microsoft.Extensions.DependencyModel</ModuleName>
      <Classes />
    </Module>
    <Module skippedDueTo="Filter" hash="A2-52-DD-1B-38-98-FE-82-45-13-34-88-91-9D-33-CC-B8-3C-9B-EF">
      <ModulePath>C:\Program Files\dotnet\shared\Microsoft.NETCore.App\2.0.6\System.Reflection.Emit.ILGeneration.dll</ModulePath>
      <ModuleTime>2018-02-12T14:08:16Z</ModuleTime>
      <ModuleName>System.Reflection.Emit.ILGeneration</ModuleName>
      <Classes />
    </Module>
    <Module skippedDueTo="Filter" hash="71-70-E9-57-D1-59-9D-AB-51-1B-CC-25-75-46-4B-DE-E7-57-BF-2C">
      <ModulePath>C:\Program Files\dotnet\shared\Microsoft.NETCore.App\2.0.6\System.Reflection.Emit.Lightweight.dll</ModulePath>
      <ModuleTime>2018-02-12T14:08:16Z</ModuleTime>
      <ModuleName>System.Reflection.Emit.Lightweight</ModuleName>
      <Classes />
    </Module>
    <Module skippedDueTo="MissingPdb" hash="">
      <ModulePath>RefEmit_InMemoryManifestModule</ModulePath>
      <ModuleTime>0001-01-01T00:00:00</ModuleTime>
      <ModuleName>Anonymously Hosted DynamicMethods Assembly</ModuleName>
      <Classes />
    </Module>
    <Module skippedDueTo="Filter" hash="58-56-34-A9-6C-4F-CF-85-82-82-86-1A-D3-4E-31-E8-66-61-26-EF">
      <ModulePath>C:\Program Files\dotnet\shared\Microsoft.NETCore.App\2.0.6\System.Private.CoreLib.dll</ModulePath>
      <ModuleTime>2018-02-12T14:08:18Z</ModuleTime>
      <ModuleName>System.Private.CoreLib</ModuleName>
      <Classes />
    </Module>
    <Module skippedDueTo="MissingPdb" hash="85-41-70-09-AF-8E-65-57-05-54-D0-8D-3B-DE-C8-B2-AF-D5-1A-AF">
      <ModulePath>C:\Program Files\dotnet\sdk\2.1.103\vstest.console.dll</ModulePath>
      <ModuleTime>2018-03-20T23:16:02Z</ModuleTime>
      <ModuleName>vstest.console</ModuleName>
      <Classes />
    </Module>
    <Module skippedDueTo="Filter" hash="51-28-11-6C-8A-A5-B7-C1-5A-08-A7-9B-A1-70-42-E5-81-92-6A-CC">
      <ModulePath>C:\Program Files\dotnet\shared\Microsoft.NETCore.App\2.0.6\System.Runtime.dll</ModulePath>
      <ModuleTime>2018-02-12T14:08:16Z</ModuleTime>
      <ModuleName>System.Runtime</ModuleName>
      <Classes />
    </Module>
    <Module skippedDueTo="Filter" hash="9B-B2-26-38-80-06-02-28-A4-DF-F9-92-31-58-77-EB-78-E4-2F-E5">
      <ModulePath>C:\Program Files\dotnet\shared\Microsoft.NETCore.App\2.0.6\System.Diagnostics.Process.dll</ModulePath>
      <ModuleTime>2018-02-12T14:08:14Z</ModuleTime>
      <ModuleName>System.Diagnostics.Process</ModuleName>
      <Classes />
    </Module>
    <Module skippedDueTo="Filter" hash="19-EA-D5-8B-E7-5B-F7-A7-5D-34-D7-0B-4C-9E-95-3E-45-F3-88-6A">
      <ModulePath>C:\Program Files\dotnet\shared\Microsoft.NETCore.App\2.0.6\System.ComponentModel.Primitives.dll</ModulePath>
      <ModuleTime>2018-02-12T14:08:12Z</ModuleTime>
      <ModuleName>System.ComponentModel.Primitives</ModuleName>
      <Classes />
    </Module>
    <Module skippedDueTo="Filter" hash="36-CF-3D-8F-33-3D-0E-88-AE-58-32-68-A9-59-3F-F9-10-44-D8-4E">
      <ModulePath>C:\Program Files\dotnet\shared\Microsoft.NETCore.App\2.0.6\System.Runtime.Extensions.dll</ModulePath>
      <ModuleTime>2018-02-12T14:08:16Z</ModuleTime>
      <ModuleName>System.Runtime.Extensions</ModuleName>
      <Classes />
    </Module>
    <Module skippedDueTo="MissingPdb" hash="C4-18-ED-78-AC-06-7C-7D-BA-80-98-46-34-CC-AD-E6-D2-8D-52-75">
      <ModulePath>C:\Program Files\dotnet\sdk\2.1.103\Microsoft.TestPlatform.CoreUtilities.dll</ModulePath>
      <ModuleTime>2018-03-20T23:16:48Z</ModuleTime>
      <ModuleName>Microsoft.TestPlatform.CoreUtilities</ModuleName>
      <Classes />
    </Module>
    <Module skippedDueTo="Filter" hash="81-34-59-BB-A4-35-D3-C2-91-73-A0-81-93-7A-04-92-17-51-BF-34">
      <ModulePath>C:\Program Files\dotnet\shared\Microsoft.NETCore.App\2.0.6\System.Diagnostics.Debug.dll</ModulePath>
      <ModuleTime>2018-02-12T14:08:14Z</ModuleTime>
      <ModuleName>System.Diagnostics.Debug</ModuleName>
      <Classes />
    </Module>
    <Module skippedDueTo="Filter" hash="2A-5E-9E-2C-38-87-BC-0E-56-4F-6E-D1-E2-29-43-D4-A8-9E-43-AA">
      <ModulePath>C:\Program Files\dotnet\shared\Microsoft.NETCore.App\2.0.6\System.Threading.Thread.dll</ModulePath>
      <ModuleTime>2018-02-12T14:08:18Z</ModuleTime>
      <ModuleName>System.Threading.Thread</ModuleName>
      <Classes />
    </Module>
    <Module skippedDueTo="Filter" hash="87-6E-97-E2-F1-E2-3A-7C-C4-C2-49-4D-6D-50-8E-B2-E6-F9-9B-42">
      <ModulePath>C:\Program Files\dotnet\shared\Microsoft.NETCore.App\2.0.6\System.Threading.dll</ModulePath>
      <ModuleTime>2018-02-12T14:08:18Z</ModuleTime>
      <ModuleName>System.Threading</ModuleName>
      <Classes />
    </Module>
    <Module skippedDueTo="Filter" hash="39-CE-2D-79-52-EE-1C-FB-A4-40-2A-FC-71-B3-EE-EF-8A-A0-8F-E0">
      <ModulePath>C:\Program Files\dotnet\shared\Microsoft.NETCore.App\2.0.6\System.Console.dll</ModulePath>
      <ModuleTime>2018-02-12T14:08:14Z</ModuleTime>
      <ModuleName>System.Console</ModuleName>
      <Classes />
    </Module>
    <Module skippedDueTo="Filter" hash="92-0F-F6-8D-25-2E-E2-96-B4-90-BB-09-1C-92-83-87-02-67-80-3D">
      <ModulePath>C:\Program Files\dotnet\shared\Microsoft.NETCore.App\2.0.6\System.IO.dll</ModulePath>
      <ModuleTime>2018-02-12T14:08:14Z</ModuleTime>
      <ModuleName>System.IO</ModuleName>
      <Classes />
    </Module>
    <Module skippedDueTo="Filter" hash="4F-4C-40-E4-82-C3-85-1A-AF-56-BD-FA-7E-4F-92-20-D7-D4-29-BE">
      <ModulePath>C:\Program Files\dotnet\shared\Microsoft.NETCore.App\2.0.6\System.Text.Encoding.Extensions.dll</ModulePath>
      <ModuleTime>2018-02-12T14:08:18Z</ModuleTime>
      <ModuleName>System.Text.Encoding.Extensions</ModuleName>
      <Classes />
    </Module>
    <Module skippedDueTo="Filter" hash="FC-7B-CD-1A-6E-67-17-C3-65-5B-B9-2A-DB-4E-67-8F-CE-B4-2B-1B">
      <ModulePath>C:\Program Files\dotnet\shared\Microsoft.NETCore.App\2.0.6\System.Diagnostics.Tracing.dll</ModulePath>
      <ModuleTime>2018-02-12T14:08:14Z</ModuleTime>
      <ModuleName>System.Diagnostics.Tracing</ModuleName>
      <Classes />
    </Module>
    <Module skippedDueTo="Filter" hash="92-A0-A8-8E-51-E6-AC-FD-A9-8C-33-D5-9F-34-2A-C5-2D-11-65-A6">
      <ModulePath>C:\Program Files\dotnet\shared\Microsoft.NETCore.App\2.0.6\System.Collections.dll</ModulePath>
      <ModuleTime>2018-02-12T14:08:12Z</ModuleTime>
      <ModuleName>System.Collections</ModuleName>
      <Classes />
    </Module>
    <Module skippedDueTo="MissingPdb" hash="72-C1-4F-4F-7D-D5-CD-ED-4B-8B-8B-91-32-A4-25-16-FB-1F-BD-FA">
      <ModulePath>C:\Program Files\dotnet\sdk\2.1.103\Microsoft.VisualStudio.TestPlatform.ObjectModel.dll</ModulePath>
      <ModuleTime>2018-03-20T23:16:50Z</ModuleTime>
      <ModuleName>Microsoft.VisualStudio.TestPlatform.ObjectModel</ModuleName>
      <Classes />
    </Module>
    <Module skippedDueTo="MissingPdb" hash="E0-CF-2D-7E-F4-9B-2C-6F-47-5E-3E-4B-75-53-90-61-6D-4C-28-29">
      <ModulePath>C:\Program Files\dotnet\sdk\2.1.103\Microsoft.VisualStudio.TestPlatform.Client.dll</ModulePath>
      <ModuleTime>2018-03-20T23:16:48Z</ModuleTime>
      <ModuleName>Microsoft.VisualStudio.TestPlatform.Client</ModuleName>
      <Classes />
    </Module>
    <Module skippedDueTo="MissingPdb" hash="48-2D-CF-3A-BF-03-2B-62-D2-25-4E-25-85-5F-A1-77-6D-AA-31-15">
      <ModulePath>C:\Program Files\dotnet\sdk\2.1.103\Microsoft.VisualStudio.TestPlatform.Common.dll</ModulePath>
      <ModuleTime>2018-03-20T23:16:50Z</ModuleTime>
      <ModuleName>Microsoft.VisualStudio.TestPlatform.Common</ModuleName>
      <Classes />
    </Module>
    <Module skippedDueTo="Filter" hash="D5-0A-9E-A5-80-D5-8E-41-A4-1F-1D-14-8D-6C-94-41-07-EC-35-CE">
      <ModulePath>C:\Program Files\dotnet\shared\Microsoft.NETCore.App\2.0.6\System.Linq.dll</ModulePath>
      <ModuleTime>2018-02-12T14:08:14Z</ModuleTime>
      <ModuleName>System.Linq</ModuleName>
      <Classes />
    </Module>
    <Module skippedDueTo="Filter" hash="74-77-FB-84-E3-C2-3C-CD-DE-DE-03-62-6F-FC-4E-9B-2B-38-27-33">
      <ModulePath>C:\Program Files\dotnet\shared\Microsoft.NETCore.App\2.0.6\System.Runtime.InteropServices.dll</ModulePath>
      <ModuleTime>2018-02-12T14:08:16Z</ModuleTime>
      <ModuleName>System.Runtime.InteropServices</ModuleName>
      <Classes />
    </Module>
    <Module skippedDueTo="Filter" hash="89-75-06-46-0C-9B-CD-2F-AA-E6-06-34-77-24-D5-14-0C-B4-74-2A">
      <ModulePath>C:\Program Files\dotnet\shared\Microsoft.NETCore.App\2.0.6\System.Resources.ResourceManager.dll</ModulePath>
      <ModuleTime>2018-02-12T14:08:16Z</ModuleTime>
      <ModuleName>System.Resources.ResourceManager</ModuleName>
      <Classes />
    </Module>
    <Module skippedDueTo="MissingPdb" hash="D0-7C-62-97-1C-84-8C-45-B8-74-E1-8D-EC-61-1B-4B-61-2D-C5-53">
      <ModulePath>C:\Program Files\dotnet\sdk\2.1.103\de\vstest.console.resources.dll</ModulePath>
      <ModuleTime>2018-03-20T23:16:02Z</ModuleTime>
      <ModuleName>vstest.console.resources</ModuleName>
      <Classes />
    </Module>
    <Module skippedDueTo="Filter" hash="71-2F-C5-77-38-5E-60-DE-BD-B8-89-28-83-AA-05-67-87-33-9F-F6">
      <ModulePath>C:\Program Files\dotnet\shared\Microsoft.NETCore.App\2.0.6\System.IO.FileSystem.Primitives.dll</ModulePath>
      <ModuleTime>2018-02-12T14:08:14Z</ModuleTime>
      <ModuleName>System.IO.FileSystem.Primitives</ModuleName>
      <Classes />
    </Module>
    <Module skippedDueTo="Filter" hash="2D-D5-79-0F-63-C2-97-8D-11-D4-ED-6E-EF-4A-71-51-35-3B-78-B7">
      <ModulePath>C:\Program Files\dotnet\shared\Microsoft.NETCore.App\2.0.6\System.IO.FileSystem.dll</ModulePath>
      <ModuleTime>2018-02-12T14:08:14Z</ModuleTime>
      <ModuleName>System.IO.FileSystem</ModuleName>
      <Classes />
    </Module>
    <Module skippedDueTo="Filter" hash="EF-1A-73-51-0E-C1-5B-7E-B0-2C-1D-21-EC-1D-4E-7C-07-18-D4-9D">
      <ModulePath>C:\Program Files\dotnet\shared\Microsoft.NETCore.App\2.0.6\System.Xml.ReaderWriter.dll</ModulePath>
      <ModuleTime>2018-02-12T14:08:18Z</ModuleTime>
      <ModuleName>System.Xml.ReaderWriter</ModuleName>
      <Classes />
    </Module>
    <Module skippedDueTo="Filter" hash="02-EA-D2-09-92-36-74-EF-B9-B6-1F-D1-DE-8B-D0-EA-F4-30-8F-41">
      <ModulePath>C:\Program Files\dotnet\shared\Microsoft.NETCore.App\2.0.6\System.Private.Xml.dll</ModulePath>
      <ModuleTime>2018-02-12T14:08:16Z</ModuleTime>
      <ModuleName>System.Private.Xml</ModuleName>
      <Classes />
    </Module>
    <Module skippedDueTo="MissingPdb" hash="F2-8A-E0-77-B7-11-43-4C-28-DF-40-F2-97-37-77-5F-2A-DD-1C-64">
      <ModulePath>C:\Program Files\dotnet\sdk\2.1.103\Microsoft.TestPlatform.PlatformAbstractions.dll</ModulePath>
      <ModuleTime>2018-03-20T23:16:48Z</ModuleTime>
      <ModuleName>Microsoft.TestPlatform.PlatformAbstractions</ModuleName>
      <Classes />
    </Module>
    <Module skippedDueTo="Filter" hash="4F-A9-C3-9D-F2-0D-D8-A9-A4-CF-EC-22-E4-BE-95-E7-B7-9A-BA-7A">
      <ModulePath>C:\Program Files\dotnet\shared\Microsoft.NETCore.App\2.0.6\System.Xml.XmlDocument.dll</ModulePath>
      <ModuleTime>2018-02-12T14:08:18Z</ModuleTime>
      <ModuleName>System.Xml.XmlDocument</ModuleName>
      <Classes />
    </Module>
    <Module skippedDueTo="MissingPdb" hash="89-CD-15-7C-50-64-3B-10-94-3B-86-34-A9-B3-B0-74-72-A6-89-B6">
      <ModulePath>C:\Program Files\dotnet\sdk\2.1.103\Microsoft.TestPlatform.Utilities.dll</ModulePath>
      <ModuleTime>2018-03-20T23:16:48Z</ModuleTime>
      <ModuleName>Microsoft.TestPlatform.Utilities</ModuleName>
      <Classes />
    </Module>
    <Module skippedDueTo="Filter" hash="C5-2B-DD-C6-5B-96-07-F3-04-F0-EA-41-A0-C5-1D-30-9E-F1-A1-DA">
      <ModulePath>C:\Program Files\dotnet\shared\Microsoft.NETCore.App\2.0.6\System.Runtime.InteropServices.RuntimeInformation.dll</ModulePath>
      <ModuleTime>2018-02-12T14:08:16Z</ModuleTime>
      <ModuleName>System.Runtime.InteropServices.RuntimeInformation</ModuleName>
      <Classes />
    </Module>
    <Module skippedDueTo="Filter" hash="78-95-86-14-8B-F9-4E-44-F1-20-95-26-17-D0-FC-87-4C-7C-75-CD">
      <ModulePath>C:\Program Files\dotnet\shared\Microsoft.NETCore.App\2.0.6\System.Private.Uri.dll</ModulePath>
      <ModuleTime>2018-02-12T14:08:16Z</ModuleTime>
      <ModuleName>System.Private.Uri</ModuleName>
      <Classes />
    </Module>
    <Module skippedDueTo="Filter" hash="38-90-B8-0D-99-B8-CC-61-1F-E9-9C-5D-E1-B8-89-E0-B1-5C-C5-DB">
      <ModulePath>C:\Program Files\dotnet\sdk\2.1.103\System.Xml.XPath.XmlDocument.dll</ModulePath>
      <ModuleTime>2018-03-20T23:16:38Z</ModuleTime>
      <ModuleName>System.Xml.XPath.XmlDocument</ModuleName>
      <Classes />
    </Module>
    <Module skippedDueTo="Filter" hash="FC-E9-EF-D2-10-6C-ED-03-E4-A5-C1-D1-16-3C-09-25-10-14-30-AA">
      <ModulePath>C:\Program Files\dotnet\shared\Microsoft.NETCore.App\2.0.6\System.Xml.XPath.dll</ModulePath>
      <ModuleTime>2018-02-12T14:08:18Z</ModuleTime>
      <ModuleName>System.Xml.XPath</ModuleName>
      <Classes />
    </Module>
    <Module skippedDueTo="Filter" hash="5C-5F-72-69-DB-A5-64-39-1F-D2-D4-E2-8C-C1-E8-68-5B-3A-7E-D1">
      <ModulePath>C:\Program Files\dotnet\shared\Microsoft.NETCore.App\2.0.6\System.Globalization.dll</ModulePath>
      <ModuleTime>2018-02-12T14:08:14Z</ModuleTime>
      <ModuleName>System.Globalization</ModuleName>
      <Classes />
    </Module>
    <Module skippedDueTo="Filter" hash="86-34-D0-E2-08-E2-77-A3-C0-2F-5A-75-78-26-12-C4-D5-CB-FA-AF">
      <ModulePath>C:\Program Files\dotnet\shared\Microsoft.NETCore.App\2.0.6\System.Diagnostics.TraceSource.dll</ModulePath>
      <ModuleTime>2018-02-12T14:08:14Z</ModuleTime>
      <ModuleName>System.Diagnostics.TraceSource</ModuleName>
      <Classes />
    </Module>
    <Module skippedDueTo="Filter" hash="4E-25-12-36-8F-32-6E-98-57-06-C9-65-B7-76-85-61-93-FA-55-AE">
      <ModulePath>C:\Program Files\dotnet\shared\Microsoft.NETCore.App\2.0.6\System.Collections.NonGeneric.dll</ModulePath>
      <ModuleTime>2018-02-12T14:08:12Z</ModuleTime>
      <ModuleName>System.Collections.NonGeneric</ModuleName>
      <Classes />
    </Module>
    <Module skippedDueTo="MissingPdb" hash="15-7D-D4-EE-9A-24-6A-BB-20-12-B9-71-1C-28-17-4A-8C-6D-3B-15">
      <ModulePath>C:\Program Files\dotnet\sdk\2.1.103\Microsoft.TestPlatform.CrossPlatEngine.dll</ModulePath>
      <ModuleTime>2018-03-20T23:16:48Z</ModuleTime>
      <ModuleName>Microsoft.TestPlatform.CrossPlatEngine</ModuleName>
      <Classes />
    </Module>
    <Module skippedDueTo="Filter" hash="84-A5-B8-46-CD-04-96-4C-32-C3-DE-96-00-01-58-8F-15-55-48-8C">
      <ModulePath>C:\Program Files\dotnet\shared\Microsoft.NETCore.App\2.0.6\System.Reflection.dll</ModulePath>
      <ModuleTime>2018-02-12T14:08:16Z</ModuleTime>
      <ModuleName>System.Reflection</ModuleName>
      <Classes />
    </Module>
    <Module skippedDueTo="Filter" hash="DF-5C-FF-96-00-17-A0-6B-D0-3A-36-45-BE-79-3C-DE-BA-AF-CA-19">
      <ModulePath>C:\Program Files\dotnet\shared\Microsoft.NETCore.App\2.0.6\System.Threading.Tasks.dll</ModulePath>
      <ModuleTime>2018-02-12T14:08:18Z</ModuleTime>
      <ModuleName>System.Threading.Tasks</ModuleName>
      <Classes />
    </Module>
    <Module skippedDueTo="Filter" hash="83-1F-2B-55-93-E3-AF-2A-CA-E7-4A-06-94-92-8D-3F-24-22-32-9C">
      <ModulePath>C:\Program Files\dotnet\shared\Microsoft.NETCore.App\2.0.6\System.Runtime.Loader.dll</ModulePath>
      <ModuleTime>2018-02-12T14:08:16Z</ModuleTime>
      <ModuleName>System.Runtime.Loader</ModuleName>
      <Classes />
    </Module>
    <Module skippedDueTo="MissingPdb" hash="88-C1-73-F3-D1-67-60-C2-8C-D4-0B-BC-6B-92-65-06-C2-85-C7-10">
      <ModulePath>C:\Program Files\dotnet\sdk\2.1.103\Extensions\Microsoft.TestPlatform.Extensions.BlameDataCollector.dll</ModulePath>
      <ModuleTime>2018-03-20T23:18:44Z</ModuleTime>
      <ModuleName>Microsoft.TestPlatform.Extensions.BlameDataCollector</ModuleName>
      <Classes />
    </Module>
    <Module skippedDueTo="Filter" hash="D0-00-94-2E-72-F5-B6-88-1C-D5-04-D9-6E-71-60-53-0A-AA-03-0F">
      <ModulePath>C:\Program Files\dotnet\shared\Microsoft.NETCore.App\2.0.6\System.Reflection.TypeExtensions.dll</ModulePath>
      <ModuleTime>2018-02-12T14:08:16Z</ModuleTime>
      <ModuleName>System.Reflection.TypeExtensions</ModuleName>
      <Classes />
    </Module>
    <Module skippedDueTo="MissingPdb" hash="61-88-2A-82-A0-2D-AC-C0-AE-1C-5C-03-DC-C1-31-D8-B7-F7-BD-EE">
      <ModulePath>C:\Program Files\dotnet\sdk\2.1.103\Extensions\Microsoft.TestPlatform.Extensions.EventLogCollector.dll</ModulePath>
      <ModuleTime>2018-03-20T23:18:44Z</ModuleTime>
      <ModuleName>Microsoft.TestPlatform.Extensions.EventLogCollector</ModuleName>
      <Classes />
    </Module>
    <Module skippedDueTo="Filter" hash="03-5C-47-73-A4-88-29-6F-DC-AC-D7-F1-C2-5C-F7-12-56-F1-32-4F">
      <ModulePath>C:\Program Files\dotnet\shared\Microsoft.NETCore.App\2.0.6\mscorlib.dll</ModulePath>
      <ModuleTime>2018-02-12T14:08:12Z</ModuleTime>
      <ModuleName>mscorlib</ModuleName>
      <Classes />
    </Module>
    <Module skippedDueTo="Filter" hash="56-F5-F6-56-C2-79-93-F1-99-52-E3-98-53-F4-9B-93-BC-9D-06-E0">
      <ModulePath>C:\Program Files\dotnet\shared\Microsoft.NETCore.App\2.0.6\System.Xml.dll</ModulePath>
      <ModuleTime>2018-02-12T14:08:18Z</ModuleTime>
      <ModuleName>System.Xml</ModuleName>
      <Classes />
    </Module>
    <Module skippedDueTo="MissingPdb" hash="A7-59-E5-02-F7-ED-B0-1A-36-AD-DB-AD-62-F6-0C-14-34-A7-F7-B6">
      <ModulePath>C:\Program Files\dotnet\sdk\2.1.103\Extensions\Microsoft.TestPlatform.TestHostRuntimeProvider.dll</ModulePath>
      <ModuleTime>2018-03-20T23:18:44Z</ModuleTime>
      <ModuleName>Microsoft.TestPlatform.TestHostRuntimeProvider</ModuleName>
      <Classes />
    </Module>
    <Module skippedDueTo="Filter" hash="DC-9E-FD-06-2F-6D-3A-1A-46-CF-7A-EF-EC-36-61-8E-4D-8A-49-3B">
      <ModulePath>C:\Program Files\dotnet\shared\Microsoft.NETCore.App\2.0.6\System.Reflection.Extensions.dll</ModulePath>
      <ModuleTime>2018-02-12T14:08:16Z</ModuleTime>
      <ModuleName>System.Reflection.Extensions</ModuleName>
      <Classes />
    </Module>
    <Module skippedDueTo="MissingPdb" hash="D4-F9-CE-D5-00-EA-B1-0C-96-C0-88-48-E7-F0-98-8C-C3-0B-D1-7E">
      <ModulePath>C:\Program Files\dotnet\sdk\2.1.103\Extensions\Microsoft.VisualStudio.TestPlatform.Extensions.Trx.TestLogger.dll</ModulePath>
      <ModuleTime>2018-03-20T23:18:44Z</ModuleTime>
      <ModuleName>Microsoft.VisualStudio.TestPlatform.Extensions.Trx.TestLogger</ModuleName>
      <Classes />
    </Module>
    <Module skippedDueTo="Filter" hash="71-2C-67-1A-10-AC-5B-88-F5-E8-C8-98-4A-7E-42-24-B8-92-6E-B5">
      <ModulePath>C:\Program Files\dotnet\shared\Microsoft.NETCore.App\2.0.6\System.Reflection.Metadata.dll</ModulePath>
      <ModuleTime>2018-02-12T14:08:16Z</ModuleTime>
      <ModuleName>System.Reflection.Metadata</ModuleName>
      <Classes />
    </Module>
    <Module skippedDueTo="Filter" hash="C7-CF-03-DF-0E-CE-85-B8-2A-F7-57-EF-12-E4-74-20-58-19-48-ED">
      <ModulePath>C:\Program Files\dotnet\shared\Microsoft.NETCore.App\2.0.6\System.Collections.Immutable.dll</ModulePath>
      <ModuleTime>2018-02-12T14:08:12Z</ModuleTime>
      <ModuleName>System.Collections.Immutable</ModuleName>
      <Classes />
    </Module>
    <Module skippedDueTo="Filter" hash="4B-3B-E6-8A-FF-42-69-71-D9-EE-C4-E7-C1-CF-2F-22-83-BC-C0-D1">
      <ModulePath>C:\Program Files\dotnet\shared\Microsoft.NETCore.App\2.0.6\System.IO.MemoryMappedFiles.dll</ModulePath>
      <ModuleTime>2018-02-12T14:08:14Z</ModuleTime>
      <ModuleName>System.IO.MemoryMappedFiles</ModuleName>
      <Classes />
    </Module>
    <Module skippedDueTo="MissingPdb" hash="B9-50-FE-1F-04-F7-7D-1F-43-BB-93-5D-31-E8-03-61-3C-2D-2E-62">
      <ModulePath>C:\Program Files\dotnet\shared\Microsoft.NETCore.App\2.0.6\Microsoft.Win32.Primitives.dll</ModulePath>
      <ModuleTime>2018-02-12T14:08:12Z</ModuleTime>
      <ModuleName>Microsoft.Win32.Primitives</ModuleName>
      <Classes />
    </Module>
    <Module skippedDueTo="Filter" hash="94-46-3F-80-95-7F-8A-16-35-39-D5-37-54-AE-3B-0E-95-D2-24-FF">
      <ModulePath>C:\Program Files\dotnet\shared\Microsoft.NETCore.App\2.0.6\System.Collections.Concurrent.dll</ModulePath>
      <ModuleTime>2018-02-12T14:08:12Z</ModuleTime>
      <ModuleName>System.Collections.Concurrent</ModuleName>
      <Classes />
    </Module>
    <Module skippedDueTo="MissingPdb" hash="BA-A9-8A-3F-2A-B6-98-FA-98-4D-3F-2E-BA-6B-57-0B-FE-37-14-D9">
      <ModulePath>C:\Program Files\dotnet\sdk\2.1.103\Microsoft.TestPlatform.CommunicationUtilities.dll</ModulePath>
      <ModuleTime>2018-03-20T23:16:48Z</ModuleTime>
      <ModuleName>Microsoft.TestPlatform.CommunicationUtilities</ModuleName>
      <Classes />
    </Module>
    <Module skippedDueTo="MissingPdb" hash="7A-D0-7E-C8-60-65-87-11-A0-D8-DF-1A-26-8B-A2-DA-E2-18-14-A2">
      <ModulePath>C:\Program Files\dotnet\sdk\2.1.103\Newtonsoft.Json.dll</ModulePath>
      <ModuleTime>2018-03-20T23:15:46Z</ModuleTime>
      <ModuleName>Newtonsoft.Json</ModuleName>
      <Classes />
    </Module>
[...]
      <ModulePath>C:\Program Files\dotnet\shared\Microsoft.NETCore.App\2.0.6\System.Net.Ping.dll</ModulePath>
      <ModuleTime>2018-02-12T14:08:14Z</ModuleTime>
      <ModuleName>System.Net.Ping</ModuleName>
      <Classes />
    </Module>
    <Module skippedDueTo="Filter" hash="81-05-B0-95-34-DD-A5-0D-0F-F7-83-5A-DE-7E-A1-58-C3-D5-38-A5">
      <ModulePath>C:\Program Files\dotnet\shared\Microsoft.NETCore.App\2.0.6\System.Net.Requests.dll</ModulePath>
      <ModuleTime>2018-02-12T14:08:14Z</ModuleTime>
      <ModuleName>System.Net.Requests</ModuleName>
      <Classes />
    </Module>
    <Module skippedDueTo="Filter" hash="4A-A0-9A-A8-01-D1-FE-E0-95-1C-05-09-24-05-AD-0D-1C-B6-2C-5F">
      <ModulePath>C:\Program Files\dotnet\shared\Microsoft.NETCore.App\2.0.6\System.Net.Security.dll</ModulePath>
      <ModuleTime>2018-02-12T14:08:14Z</ModuleTime>
      <ModuleName>System.Net.Security</ModuleName>
      <Classes />
    </Module>
    <Module skippedDueTo="Filter" hash="27-29-13-78-AB-7A-58-C8-1C-78-10-63-32-81-50-8B-DD-30-0A-8F">
      <ModulePath>C:\Program Files\dotnet\shared\Microsoft.NETCore.App\2.0.6\System.Net.ServicePoint.dll</ModulePath>
      <ModuleTime>2018-02-12T14:08:14Z</ModuleTime>
      <ModuleName>System.Net.ServicePoint</ModuleName>
      <Classes />
    </Module>
    <Module skippedDueTo="Filter" hash="A3-79-92-0F-49-B0-FD-9C-03-3E-73-53-1B-A1-40-2C-66-0D-1E-94">
      <ModulePath>C:\Program Files\dotnet\shared\Microsoft.NETCore.App\2.0.6\System.Net.WebClient.dll</ModulePath>
      <ModuleTime>2018-02-12T14:08:14Z</ModuleTime>
      <ModuleName>System.Net.WebClient</ModuleName>
      <Classes />
    </Module>
    <Module skippedDueTo="Filter" hash="B8-AA-DD-32-F7-D7-21-C7-0A-0F-1A-81-EF-21-F7-58-93-C4-9E-F3">
      <ModulePath>C:\Program Files\dotnet\shared\Microsoft.NETCore.App\2.0.6\System.Net.WebHeaderCollection.dll</ModulePath>
      <ModuleTime>2018-02-12T14:08:14Z</ModuleTime>
      <ModuleName>System.Net.WebHeaderCollection</ModuleName>
      <Classes />
    </Module>
    <Module skippedDueTo="Filter" hash="97-1A-78-D0-C1-BD-4E-CF-17-ED-BB-00-AE-44-68-79-0E-27-BF-CD">
      <ModulePath>C:\Program Files\dotnet\shared\Microsoft.NETCore.App\2.0.6\System.Net.WebProxy.dll</ModulePath>
      <ModuleTime>2018-02-12T14:08:14Z</ModuleTime>
      <ModuleName>System.Net.WebProxy</ModuleName>
      <Classes />
    </Module>
    <Module skippedDueTo="Filter" hash="78-93-73-DA-47-10-68-A6-D9-D9-6E-67-03-A5-EF-F6-CE-55-C2-34">
      <ModulePath>C:\Program Files\dotnet\shared\Microsoft.NETCore.App\2.0.6\System.Net.WebSockets.Client.dll</ModulePath>
      <ModuleTime>2018-02-12T14:08:14Z</ModuleTime>
      <ModuleName>System.Net.WebSockets.Client</ModuleName>
      <Classes />
    </Module>
    <Module skippedDueTo="Filter" hash="15-1F-3E-A8-4C-73-58-99-FC-AB-7E-D0-A7-5E-B8-58-13-6C-E1-B7">
      <ModulePath>C:\Program Files\dotnet\shared\Microsoft.NETCore.App\2.0.6\System.Net.dll</ModulePath>
      <ModuleTime>2018-02-12T14:08:14Z</ModuleTime>
      <ModuleName>System.Net</ModuleName>
      <Classes />
    </Module>
    <Module skippedDueTo="Filter" hash="40-B8-B6-7C-A6-B0-74-05-01-CE-80-A4-65-93-A8-C4-D6-DF-FC-F0">
      <ModulePath>C:\Program Files\dotnet\shared\Microsoft.NETCore.App\2.0.6\System.Numerics.Vectors.dll</ModulePath>
      <ModuleTime>2018-02-12T14:08:14Z</ModuleTime>
      <ModuleName>System.Numerics.Vectors</ModuleName>
      <Classes />
    </Module>
    <Module skippedDueTo="Filter" hash="55-36-DA-C7-E3-DD-09-1F-14-D0-59-11-72-67-01-61-38-CD-7E-5C">
      <ModulePath>C:\Program Files\dotnet\shared\Microsoft.NETCore.App\2.0.6\System.Numerics.dll</ModulePath>
      <ModuleTime>2018-02-12T14:08:14Z</ModuleTime>
      <ModuleName>System.Numerics</ModuleName>
      <Classes />
    </Module>
    <Module skippedDueTo="Filter" hash="0B-36-90-F0-F3-63-5D-00-15-B5-30-B4-0C-82-48-D6-B3-DD-90-CB">
      <ModulePath>C:\Program Files\dotnet\shared\Microsoft.NETCore.App\2.0.6\System.Private.DataContractSerialization.dll</ModulePath>
      <ModuleTime>2018-02-12T14:08:14Z</ModuleTime>
      <ModuleName>System.Private.DataContractSerialization</ModuleName>
      <Classes />
    </Module>
    <Module skippedDueTo="Filter" hash="B8-15-F0-E6-04-6B-BE-87-C9-D1-A9-19-87-FD-81-39-C2-18-12-E2">
      <ModulePath>C:\Program Files\dotnet\shared\Microsoft.NETCore.App\2.0.6\System.Threading.Tasks.Extensions.dll</ModulePath>
      <ModuleTime>2018-02-12T14:08:18Z</ModuleTime>
      <ModuleName>System.Threading.Tasks.Extensions</ModuleName>
      <Classes />
    </Module>
    <Module skippedDueTo="Filter" hash="B0-C2-DF-42-70-F0-60-DA-91-55-EB-6E-65-27-8E-1F-5B-68-A1-5F">
      <ModulePath>C:\Program Files\dotnet\shared\Microsoft.NETCore.App\2.0.6\System.Reflection.DispatchProxy.dll</ModulePath>
      <ModuleTime>2018-02-12T14:08:16Z</ModuleTime>
      <ModuleName>System.Reflection.DispatchProxy</ModuleName>
      <Classes />
    </Module>
    <Module skippedDueTo="Filter" hash="D8-EF-CE-46-9A-6B-74-93-7C-59-D7-36-0E-64-57-40-92-BF-B2-83">
      <ModulePath>C:\Program Files\dotnet\shared\Microsoft.NETCore.App\2.0.6\System.Reflection.Emit.dll</ModulePath>
      <ModuleTime>2018-02-12T14:08:16Z</ModuleTime>
      <ModuleName>System.Reflection.Emit</ModuleName>
      <Classes />
    </Module>
    <Module skippedDueTo="Filter" hash="71-2C-67-1A-10-AC-5B-88-F5-E8-C8-98-4A-7E-42-24-B8-92-6E-B5">
      <ModulePath>C:\Program Files\dotnet\shared\Microsoft.NETCore.App\2.0.6\System.Reflection.Metadata.dll</ModulePath>
      <ModuleTime>2018-02-12T14:08:16Z</ModuleTime>
      <ModuleName>System.Reflection.Metadata</ModuleName>
      <Classes />
    </Module>
    <Module skippedDueTo="Filter" hash="D0-00-94-2E-72-F5-B6-88-1C-D5-04-D9-6E-71-60-53-0A-AA-03-0F">
      <ModulePath>C:\Program Files\dotnet\shared\Microsoft.NETCore.App\2.0.6\System.Reflection.TypeExtensions.dll</ModulePath>
      <ModuleTime>2018-02-12T14:08:16Z</ModuleTime>
      <ModuleName>System.Reflection.TypeExtensions</ModuleName>
      <Classes />
    </Module>
    <Module skippedDueTo="Filter" hash="52-1C-B0-92-8D-76-C8-BE-43-AD-AB-9A-F2-D1-7A-FE-13-01-E0-75">
      <ModulePath>C:\Program Files\dotnet\shared\Microsoft.NETCore.App\2.0.6\System.Resources.Reader.dll</ModulePath>
      <ModuleTime>2018-02-12T14:08:16Z</ModuleTime>
      <ModuleName>System.Resources.Reader</ModuleName>
      <Classes />
    </Module>
    <Module skippedDueTo="Filter" hash="EF-DC-72-5A-82-6F-69-EF-59-77-5B-BD-53-F4-59-8A-53-27-C7-24">
      <ModulePath>C:\Program Files\dotnet\shared\Microsoft.NETCore.App\2.0.6\System.Resources.Writer.dll</ModulePath>
      <ModuleTime>2018-02-12T14:08:16Z</ModuleTime>
      <ModuleName>System.Resources.Writer</ModuleName>
      <Classes />
    </Module>
    <Module skippedDueTo="Filter" hash="CC-C5-EB-75-89-69-A0-60-0E-E8-F3-7A-47-72-D6-6E-60-6C-0C-A7">
      <ModulePath>C:\Program Files\dotnet\shared\Microsoft.NETCore.App\2.0.6\System.Runtime.CompilerServices.VisualC.dll</ModulePath>
      <ModuleTime>2018-02-12T14:08:16Z</ModuleTime>
      <ModuleName>System.Runtime.CompilerServices.VisualC</ModuleName>
      <Classes />
    </Module>
    <Module skippedDueTo="Filter" hash="0B-56-1C-AE-DD-6F-AC-1D-F3-BD-0F-31-55-94-8D-25-47-88-B0-78">
      <ModulePath>C:\Program Files\dotnet\shared\Microsoft.NETCore.App\2.0.6\System.Runtime.Handles.dll</ModulePath>
      <ModuleTime>2018-02-12T14:08:16Z</ModuleTime>
      <ModuleName>System.Runtime.Handles</ModuleName>
      <Classes />
    </Module>
    <Module skippedDueTo="Filter" hash="5D-E1-DA-F1-C5-CD-FB-8C-7C-62-FA-A5-57-61-DC-A4-F3-7C-A4-13">
      <ModulePath>C:\Program Files\dotnet\shared\Microsoft.NETCore.App\2.0.6\System.Runtime.InteropServices.WindowsRuntime.dll</ModulePath>
      <ModuleTime>2018-02-12T14:08:16Z</ModuleTime>
      <ModuleName>System.Runtime.InteropServices.WindowsRuntime</ModuleName>
      <Classes />
    </Module>
    <Module skippedDueTo="Filter" hash="AE-83-81-E6-A6-F0-2F-3E-85-5E-CC-6B-A5-C5-35-72-53-39-00-0E">
      <ModulePath>C:\Program Files\dotnet\shared\Microsoft.NETCore.App\2.0.6\System.Runtime.Serialization.Formatters.dll</ModulePath>
      <ModuleTime>2018-02-12T14:08:16Z</ModuleTime>
      <ModuleName>System.Runtime.Serialization.Formatters</ModuleName>
      <Classes />
    </Module>
    <Module skippedDueTo="Filter" hash="75-F5-A1-AF-BB-87-A9-5B-A6-49-59-3E-80-C9-F0-B4-BB-03-73-03">
      <ModulePath>C:\Program Files\dotnet\shared\Microsoft.NETCore.App\2.0.6\System.Runtime.Serialization.Json.dll</ModulePath>
      <ModuleTime>2018-02-12T14:08:16Z</ModuleTime>
      <ModuleName>System.Runtime.Serialization.Json</ModuleName>
      <Classes />
    </Module>
    <Module skippedDueTo="Filter" hash="51-AB-C8-47-6F-34-A3-C4-7D-65-67-1A-8C-C6-95-D2-D1-86-DD-F9">
      <ModulePath>C:\Program Files\dotnet\shared\Microsoft.NETCore.App\2.0.6\System.Runtime.Serialization.Xml.dll</ModulePath>
      <ModuleTime>2018-02-12T14:08:16Z</ModuleTime>
      <ModuleName>System.Runtime.Serialization.Xml</ModuleName>
      <Classes />
    </Module>
    <Module skippedDueTo="Filter" hash="56-17-69-9D-A0-57-2E-16-22-83-1D-B1-DD-84-FE-36-C9-89-58-97">
      <ModulePath>C:\Program Files\dotnet\shared\Microsoft.NETCore.App\2.0.6\System.Runtime.Serialization.dll</ModulePath>
      <ModuleTime>2018-02-12T14:08:16Z</ModuleTime>
      <ModuleName>System.Runtime.Serialization</ModuleName>
      <Classes />
    </Module>
    <Module skippedDueTo="Filter" hash="BF-20-DF-C8-19-CF-68-7B-1B-82-1A-CC-0F-8B-9F-C2-4F-B5-D9-26">
      <ModulePath>C:\Program Files\dotnet\shared\Microsoft.NETCore.App\2.0.6\System.Security.Cryptography.Algorithms.dll</ModulePath>
      <ModuleTime>2018-02-12T14:08:16Z</ModuleTime>
      <ModuleName>System.Security.Cryptography.Algorithms</ModuleName>
      <Classes />
    </Module>
    <Module skippedDueTo="Filter" hash="D0-05-B7-0A-4B-32-BC-BB-28-55-B2-4B-B9-C6-08-19-CB-BB-DC-85">
      <ModulePath>C:\Program Files\dotnet\shared\Microsoft.NETCore.App\2.0.6\System.Security.Cryptography.Encoding.dll</ModulePath>
      <ModuleTime>2018-02-12T14:08:16Z</ModuleTime>
      <ModuleName>System.Security.Cryptography.Encoding</ModuleName>
      <Classes />
    </Module>
    <Module skippedDueTo="Filter" hash="67-1E-EB-FF-01-79-16-56-E3-CB-CD-82-09-8F-7F-B9-7C-B0-DC-79">
      <ModulePath>C:\Program Files\dotnet\shared\Microsoft.NETCore.App\2.0.6\System.Security.Cryptography.Primitives.dll</ModulePath>
      <ModuleTime>2018-02-12T14:08:16Z</ModuleTime>
      <ModuleName>System.Security.Cryptography.Primitives</ModuleName>
      <Classes />
    </Module>
    <Module skippedDueTo="Filter" hash="0E-AE-D7-4C-B2-D8-20-B7-12-C0-22-33-52-D2-AF-C6-7F-D3-6F-3B">
      <ModulePath>C:\Program Files\dotnet\shared\Microsoft.NETCore.App\2.0.6\System.Security.Cryptography.Cng.dll</ModulePath>
      <ModuleTime>2018-02-12T14:08:16Z</ModuleTime>
      <ModuleName>System.Security.Cryptography.Cng</ModuleName>
      <Classes />
    </Module>
    <Module skippedDueTo="Filter" hash="25-65-3B-CB-B3-FB-B7-9A-E2-3F-13-81-03-07-F0-5D-67-17-4E-A2">
      <ModulePath>C:\Program Files\dotnet\shared\Microsoft.NETCore.App\2.0.6\System.Security.Cryptography.Csp.dll</ModulePath>
      <ModuleTime>2018-02-12T14:08:16Z</ModuleTime>
      <ModuleName>System.Security.Cryptography.Csp</ModuleName>
      <Classes />
    </Module>
    <Module skippedDueTo="Filter" hash="B5-A1-BB-03-9A-E3-C7-C6-D6-8C-5C-F1-37-AB-57-3F-76-51-5F-16">
      <ModulePath>C:\Program Files\dotnet\shared\Microsoft.NETCore.App\2.0.6\System.Security.Cryptography.OpenSsl.dll</ModulePath>
      <ModuleTime>2018-02-12T14:08:16Z</ModuleTime>
      <ModuleName>System.Security.Cryptography.OpenSsl</ModuleName>
      <Classes />
    </Module>
    <Module skippedDueTo="Filter" hash="3C-99-60-29-E6-99-15-0E-BB-6E-72-13-BA-CF-02-D7-90-4A-69-1E">
      <ModulePath>C:\Program Files\dotnet\shared\Microsoft.NETCore.App\2.0.6\System.Security.Cryptography.X509Certificates.dll</ModulePath>
      <ModuleTime>2018-02-12T14:08:16Z</ModuleTime>
      <ModuleName>System.Security.Cryptography.X509Certificates</ModuleName>
      <Classes />
    </Module>
    <Module skippedDueTo="Filter" hash="19-3F-D1-C4-22-5E-B2-CE-0A-08-C4-7C-42-C0-39-4E-4F-AA-4E-1F">
      <ModulePath>C:\Program Files\dotnet\shared\Microsoft.NETCore.App\2.0.6\System.Security.SecureString.dll</ModulePath>
      <ModuleTime>2018-02-12T14:08:16Z</ModuleTime>
      <ModuleName>System.Security.SecureString</ModuleName>
      <Classes />
    </Module>
    <Module skippedDueTo="Filter" hash="22-FF-05-A4-78-E5-56-DB-8F-5E-C5-CB-8F-D7-A4-54-D1-7E-40-C2">
      <ModulePath>C:\Program Files\dotnet\shared\Microsoft.NETCore.App\2.0.6\System.Security.dll</ModulePath>
      <ModuleTime>2018-02-12T14:08:16Z</ModuleTime>
      <ModuleName>System.Security</ModuleName>
      <Classes />
    </Module>
    <Module skippedDueTo="Filter" hash="34-EE-12-2F-CA-5B-25-EF-C4-0B-8A-FD-8B-69-07-27-6A-2F-40-A0">
      <ModulePath>C:\Program Files\dotnet\shared\Microsoft.NETCore.App\2.0.6\System.ServiceModel.Web.dll</ModulePath>
      <ModuleTime>2018-02-12T14:08:16Z</ModuleTime>
      <ModuleName>System.ServiceModel.Web</ModuleName>
      <Classes />
    </Module>
    <Module skippedDueTo="Filter" hash="1E-85-29-AB-09-7F-58-93-F9-F2-A4-5F-70-91-37-D1-CC-0C-88-B3">
      <ModulePath>C:\Program Files\dotnet\shared\Microsoft.NETCore.App\2.0.6\System.ServiceProcess.dll</ModulePath>
      <ModuleTime>2018-02-12T14:08:18Z</ModuleTime>
      <ModuleName>System.ServiceProcess</ModuleName>
      <Classes />
    </Module>
    <Module skippedDueTo="Filter" hash="3D-B3-66-6F-CB-BC-50-AB-35-7C-8D-7C-AF-45-05-0B-44-09-69-13">
      <ModulePath>C:\Program Files\dotnet\shared\Microsoft.NETCore.App\2.0.6\System.Threading.Tasks.Dataflow.dll</ModulePath>
      <ModuleTime>2018-02-12T14:08:18Z</ModuleTime>
      <ModuleName>System.Threading.Tasks.Dataflow</ModuleName>
      <Classes />
    </Module>
    <Module skippedDueTo="Filter" hash="32-4A-89-37-DB-9C-94-F1-72-31-4A-AA-B2-98-2A-8B-E9-13-AB-B3">
      <ModulePath>C:\Program Files\dotnet\shared\Microsoft.NETCore.App\2.0.6\System.Threading.Tasks.Parallel.dll</ModulePath>
      <ModuleTime>2018-02-12T14:08:18Z</ModuleTime>
      <ModuleName>System.Threading.Tasks.Parallel</ModuleName>
      <Classes />
    </Module>
    <Module skippedDueTo="Filter" hash="D1-9D-6B-E1-8B-AC-43-FC-95-4D-39-AE-5D-02-40-3B-CC-3F-7E-8A">
      <ModulePath>C:\Program Files\dotnet\shared\Microsoft.NETCore.App\2.0.6\System.Transactions.Local.dll</ModulePath>
      <ModuleTime>2018-02-12T14:08:18Z</ModuleTime>
      <ModuleName>System.Transactions.Local</ModuleName>
      <Classes />
    </Module>
    <Module skippedDueTo="Filter" hash="A5-17-5B-BE-29-5B-3F-56-C5-35-EE-E1-81-07-FC-6D-02-8C-24-EF">
      <ModulePath>C:\Program Files\dotnet\shared\Microsoft.NETCore.App\2.0.6\System.Transactions.dll</ModulePath>
      <ModuleTime>2018-02-12T14:08:18Z</ModuleTime>
      <ModuleName>System.Transactions</ModuleName>
      <Classes />
    </Module>
    <Module skippedDueTo="Filter" hash="51-D9-8E-2C-42-DD-A1-2A-D0-2D-43-AA-10-BE-CA-13-C0-B1-93-D9">
      <ModulePath>C:\Program Files\dotnet\shared\Microsoft.NETCore.App\2.0.6\System.ValueTuple.dll</ModulePath>
      <ModuleTime>2018-02-12T14:08:18Z</ModuleTime>
      <ModuleName>System.ValueTuple</ModuleName>
      <Classes />
    </Module>
    <Module skippedDueTo="Filter" hash="A9-40-3B-9B-1E-E1-FB-6A-3B-6F-EA-87-30-29-D8-20-21-5A-6F-3B">
      <ModulePath>C:\Program Files\dotnet\shared\Microsoft.NETCore.App\2.0.6\System.Web.HttpUtility.dll</ModulePath>
      <ModuleTime>2018-02-12T14:08:18Z</ModuleTime>
      <ModuleName>System.Web.HttpUtility</ModuleName>
      <Classes />
    </Module>
    <Module skippedDueTo="Filter" hash="1B-B9-9F-E3-04-9C-F0-A9-A9-12-C7-8E-B3-44-BF-A3-5B-C6-1A-46">
      <ModulePath>C:\Program Files\dotnet\shared\Microsoft.NETCore.App\2.0.6\System.Web.dll</ModulePath>
      <ModuleTime>2018-02-12T14:08:18Z</ModuleTime>
      <ModuleName>System.Web</ModuleName>
      <Classes />
    </Module>
    <Module skippedDueTo="Filter" hash="61-6E-84-17-A9-6E-4B-38-FB-2E-49-2C-30-D9-AE-21-A1-33-ED-85">
      <ModulePath>C:\Program Files\dotnet\shared\Microsoft.NETCore.App\2.0.6\System.Windows.dll</ModulePath>
      <ModuleTime>2018-02-12T14:08:18Z</ModuleTime>
      <ModuleName>System.Windows</ModuleName>
      <Classes />
    </Module>
    <Module skippedDueTo="Filter" hash="74-B2-08-FB-70-9A-05-5F-76-83-1C-3E-CD-C5-43-CB-3D-F2-21-31">
      <ModulePath>C:\Program Files\dotnet\shared\Microsoft.NETCore.App\2.0.6\System.Xml.Linq.dll</ModulePath>
      <ModuleTime>2018-02-12T14:08:18Z</ModuleTime>
      <ModuleName>System.Xml.Linq</ModuleName>
      <Classes />
    </Module>
    <Module skippedDueTo="Filter" hash="51-86-59-44-92-47-4A-64-D1-B9-17-E2-72-84-B7-0E-8E-32-28-D4">
      <ModulePath>C:\Program Files\dotnet\shared\Microsoft.NETCore.App\2.0.6\System.Xml.Serialization.dll</ModulePath>
      <ModuleTime>2018-02-12T14:08:18Z</ModuleTime>
      <ModuleName>System.Xml.Serialization</ModuleName>
      <Classes />
    </Module>
    <Module skippedDueTo="Filter" hash="D9-36-B3-28-A6-5A-33-68-49-25-81-AB-5B-30-A8-FC-0C-38-78-16">
      <ModulePath>C:\Program Files\dotnet\shared\Microsoft.NETCore.App\2.0.6\System.Xml.XPath.XDocument.dll</ModulePath>
      <ModuleTime>2018-02-12T14:08:18Z</ModuleTime>
      <ModuleName>System.Xml.XPath.XDocument</ModuleName>
      <Classes />
    </Module>
    <Module skippedDueTo="Filter" hash="5C-57-A5-3B-D1-06-6B-95-89-45-F5-3D-FB-B3-92-95-FF-E7-EE-F9">
      <ModulePath>C:\Program Files\dotnet\shared\Microsoft.NETCore.App\2.0.6\System.Xml.XmlSerializer.dll</ModulePath>
      <ModuleTime>2018-02-12T14:08:18Z</ModuleTime>
      <ModuleName>System.Xml.XmlSerializer</ModuleName>
      <Classes />
    </Module>
    <Module skippedDueTo="Filter" hash="56-F5-F6-56-C2-79-93-F1-99-52-E3-98-53-F4-9B-93-BC-9D-06-E0">
      <ModulePath>C:\Program Files\dotnet\shared\Microsoft.NETCore.App\2.0.6\System.Xml.dll</ModulePath>
      <ModuleTime>2018-02-12T14:08:18Z</ModuleTime>
      <ModuleName>System.Xml</ModuleName>
      <Classes />
    </Module>
    <Module skippedDueTo="Filter" hash="E8-19-46-11-C3-20-79-EC-F2-C7-AA-49-95-07-82-B5-47-5A-7A-E9">
      <ModulePath>C:\Program Files\dotnet\shared\Microsoft.NETCore.App\2.0.6\System.dll</ModulePath>
      <ModuleTime>2018-02-12T14:08:18Z</ModuleTime>
      <ModuleName>System</ModuleName>
      <Classes />
    </Module>
    <Module skippedDueTo="MissingPdb" hash="E1-F5-A5-E2-EE-E3-C0-76-54-30-B0-60-74-C5-0E-0C-7C-10-F8-9F">
      <ModulePath>C:\Program Files\dotnet\shared\Microsoft.NETCore.App\2.0.6\WindowsBase.dll</ModulePath>
      <ModuleTime>2018-02-12T14:08:18Z</ModuleTime>
      <ModuleName>WindowsBase</ModuleName>
      <Classes />
    </Module>
    <Module skippedDueTo="Filter" hash="03-5C-47-73-A4-88-29-6F-DC-AC-D7-F1-C2-5C-F7-12-56-F1-32-4F">
      <ModulePath>C:\Program Files\dotnet\shared\Microsoft.NETCore.App\2.0.6\mscorlib.dll</ModulePath>
      <ModuleTime>2018-02-12T14:08:12Z</ModuleTime>
      <ModuleName>mscorlib</ModuleName>
      <Classes />
    </Module>
    <Module skippedDueTo="MissingPdb" hash="6F-08-22-57-F4-B0-60-DB-BB-40-C7-8B-E4-D0-95-74-3F-5E-5C-41">
      <ModulePath>D:\Projekte_VisualStudio\ContainsInGitHub\Yaapii.Xembly\tests\Yaapii.Xambly.Tests\bin\Release\netcoreapp2.0\xunit.runner.reporters.netcoreapp10.dll</ModulePath>
      <ModuleTime>2017-10-27T03:35:08Z</ModuleTime>
      <ModuleName>xunit.runner.reporters.netcoreapp10</ModuleName>
      <Classes />
    </Module>
    <Module skippedDueTo="Filter" hash="DF-2C-0D-1E-52-A0-E9-F5-77-CA-68-4F-46-AF-0C-B2-75-A2-10-FC">
      <ModulePath>C:\Program Files\dotnet\shared\Microsoft.NETCore.App\2.0.6\System.ComponentModel.dll</ModulePath>
      <ModuleTime>2018-02-12T14:08:14Z</ModuleTime>
      <ModuleName>System.ComponentModel</ModuleName>
      <Classes />
    </Module>
  </Modules>
</CoverageSession>